#! /c/Source/iverilog-install/bin/vvp
:ivl_version "12.0 (devel)" "(s20150603-1539-g2693dd32b)";
:ivl_delay_selection "TYPICAL";
:vpi_time_precision - 12;
:vpi_module "C:\iverilog\lib\ivl\system.vpi";
:vpi_module "C:\iverilog\lib\ivl\vhdl_sys.vpi";
:vpi_module "C:\iverilog\lib\ivl\vhdl_textio.vpi";
:vpi_module "C:\iverilog\lib\ivl\v2005_math.vpi";
:vpi_module "C:\iverilog\lib\ivl\va_math.vpi";
:vpi_module "C:\iverilog\lib\ivl\v2009.vpi";
S_000001c111cd95e0 .scope package, "$unit" "$unit" 2 1;
 .timescale 0 0;
S_000001c111c51250 .scope module, "complex_add" "complex_add" 3 1;
 .timescale -9 -12;
    .port_info 0 /INPUT 8 "ar";
    .port_info 1 /INPUT 8 "ai";
    .port_info 2 /INPUT 8 "br";
    .port_info 3 /INPUT 8 "bi";
    .port_info 4 /OUTPUT 9 "sr";
    .port_info 5 /OUTPUT 9 "si";
P_000001c111c74e70 .param/l "FRAC" 0 3 3, +C4<00000000000000000000000000000101>;
P_000001c111c74ea8 .param/l "INT" 0 3 2, +C4<00000000000000000000000000000011>;
P_000001c111c74ee0 .param/l "W" 0 3 4, +C4<000000000000000000000000000001000>;
v000001c111cc7840_0 .net/s *"_ivl_0", 8 0, L_000001c111d43300;  1 drivers
v000001c111cc82e0_0 .net/s *"_ivl_2", 8 0, L_000001c111d43ee0;  1 drivers
v000001c111cc7fc0_0 .net/s *"_ivl_6", 8 0, L_000001c111d434e0;  1 drivers
v000001c111cc6ee0_0 .net/s *"_ivl_8", 8 0, L_000001c111d448e0;  1 drivers
o000001c111cf0148 .functor BUFZ 8, C4<zzzzzzzz>; HiZ drive
v000001c111cc75c0_0 .net/s "ai", 7 0, o000001c111cf0148;  0 drivers
o000001c111cf0178 .functor BUFZ 8, C4<zzzzzzzz>; HiZ drive
v000001c111cc6620_0 .net/s "ar", 7 0, o000001c111cf0178;  0 drivers
o000001c111cf01a8 .functor BUFZ 8, C4<zzzzzzzz>; HiZ drive
v000001c111cc81a0_0 .net/s "bi", 7 0, o000001c111cf01a8;  0 drivers
o000001c111cf01d8 .functor BUFZ 8, C4<zzzzzzzz>; HiZ drive
v000001c111cc64e0_0 .net/s "br", 7 0, o000001c111cf01d8;  0 drivers
v000001c111cc6580_0 .net/s "si", 8 0, L_000001c111d44fc0;  1 drivers
v000001c111cc7520_0 .net/s "sr", 8 0, L_000001c111d433a0;  1 drivers
L_000001c111d43300 .extend/s 9, o000001c111cf0178;
L_000001c111d43ee0 .extend/s 9, o000001c111cf01d8;
L_000001c111d433a0 .arith/sum 9, L_000001c111d43300, L_000001c111d43ee0;
L_000001c111d434e0 .extend/s 9, o000001c111cf0148;
L_000001c111d448e0 .extend/s 9, o000001c111cf01a8;
L_000001c111d44fc0 .arith/sum 9, L_000001c111d434e0, L_000001c111d448e0;
S_000001c111c513e0 .scope module, "complex_sub" "complex_sub" 3 19;
 .timescale -9 -12;
    .port_info 0 /INPUT 8 "ar";
    .port_info 1 /INPUT 8 "ai";
    .port_info 2 /INPUT 8 "br";
    .port_info 3 /INPUT 8 "bi";
    .port_info 4 /OUTPUT 9 "dr";
    .port_info 5 /OUTPUT 9 "di";
P_000001c111c746e0 .param/l "FRAC" 0 3 21, +C4<00000000000000000000000000000101>;
P_000001c111c74718 .param/l "INT" 0 3 20, +C4<00000000000000000000000000000011>;
P_000001c111c74750 .param/l "W" 0 3 22, +C4<000000000000000000000000000001000>;
v000001c111cc7d40_0 .net/s *"_ivl_0", 8 0, L_000001c111d43e40;  1 drivers
v000001c111cc7200_0 .net/s *"_ivl_2", 8 0, L_000001c111d44e80;  1 drivers
v000001c111cc6a80_0 .net/s *"_ivl_6", 8 0, L_000001c111d43580;  1 drivers
v000001c111cc6c60_0 .net/s *"_ivl_8", 8 0, L_000001c111d43620;  1 drivers
o000001c111cf0448 .functor BUFZ 8, C4<zzzzzzzz>; HiZ drive
v000001c111cc6d00_0 .net/s "ai", 7 0, o000001c111cf0448;  0 drivers
o000001c111cf0478 .functor BUFZ 8, C4<zzzzzzzz>; HiZ drive
v000001c111cc66c0_0 .net/s "ar", 7 0, o000001c111cf0478;  0 drivers
o000001c111cf04a8 .functor BUFZ 8, C4<zzzzzzzz>; HiZ drive
v000001c111cc6da0_0 .net/s "bi", 7 0, o000001c111cf04a8;  0 drivers
o000001c111cf04d8 .functor BUFZ 8, C4<zzzzzzzz>; HiZ drive
v000001c111cc7980_0 .net/s "br", 7 0, o000001c111cf04d8;  0 drivers
v000001c111cc78e0_0 .net/s "di", 8 0, L_000001c111d44020;  1 drivers
v000001c111cc6760_0 .net/s "dr", 8 0, L_000001c111d44480;  1 drivers
L_000001c111d43e40 .extend/s 9, o000001c111cf0478;
L_000001c111d44e80 .extend/s 9, o000001c111cf04d8;
L_000001c111d44480 .arith/sub 9, L_000001c111d43e40, L_000001c111d44e80;
L_000001c111d43580 .extend/s 9, o000001c111cf0448;
L_000001c111d43620 .extend/s 9, o000001c111cf04a8;
L_000001c111d44020 .arith/sub 9, L_000001c111d43580, L_000001c111d43620;
S_000001c111c45590 .scope module, "tb_fft_cases" "tb_fft_cases" 4 3;
 .timescale -9 -12;
P_000001c111c51570 .param/l "FRAC" 0 4 6, +C4<00000000000000000000000000000101>;
P_000001c111c515a8 .param/l "INT" 0 4 9, +C4<00000000000000000000000000000110>;
P_000001c111c515e0 .param/l "IN_INT" 0 4 5, +C4<00000000000000000000000000000011>;
P_000001c111c51618 .param/l "IN_W" 0 4 7, +C4<000000000000000000000000000001000>;
P_000001c111c51650 .param/l "N" 0 4 12, +C4<00000000000000000000000000001000>;
P_000001c111c51688 .param/l "W" 0 4 10, +C4<000000000000000000000000000001011>;
v000001c111d44d40_0 .var "clk", 0 0;
v000001c111d43440_0 .var/i "code", 31 0;
v000001c111d43a80_0 .var/i "fin", 31 0;
v000001c111d44de0_0 .var/i "fout", 31 0;
v000001c111d44700_0 .var/i "in_i", 31 0;
v000001c111d447a0_0 .var/i "in_r", 31 0;
v000001c111d44840_0 .var/i "k", 31 0;
v000001c111d44520_0 .var "rst", 0 0;
v000001c111d44980_0 .var "valid_in", 0 0;
v000001c111d440c0_0 .net "valid_out", 0 0, L_000001c111cb97d0;  1 drivers
v000001c111d43940_0 .var/s "xi_in", 7 0;
v000001c111d439e0_0 .net/s "xi_out", 10 0, L_000001c111cb9840;  1 drivers
v000001c111d44160_0 .var/s "xr_in", 7 0;
v000001c111d43f80_0 .net/s "xr_out", 10 0, L_000001c111cb96f0;  1 drivers
S_000001c111c45720 .scope module, "DUT" "fft" 4 37, 5 1 0, S_000001c111c45590;
 .timescale -9 -12;
    .port_info 0 /INPUT 1 "clk";
    .port_info 1 /INPUT 1 "rst";
    .port_info 2 /INPUT 1 "valid_in";
    .port_info 3 /INPUT 8 "xr_in";
    .port_info 4 /INPUT 8 "xi_in";
    .port_info 5 /OUTPUT 1 "valid_out";
    .port_info 6 /OUTPUT 11 "xr_out";
    .port_info 7 /OUTPUT 11 "xi_out";
P_000001c111cbced0 .param/l "FRAC" 0 5 3, +C4<00000000000000000000000000000101>;
P_000001c111cbcf08 .param/l "INT" 0 5 5, +C4<00000000000000000000000000000110>;
P_000001c111cbcf40 .param/l "IN_INT" 0 5 2, +C4<00000000000000000000000000000011>;
P_000001c111cbcf78 .param/l "IN_W" 0 5 4, +C4<000000000000000000000000000001000>;
P_000001c111cbcfb0 .param/l "W" 0 5 6, +C4<000000000000000000000000000001011>;
L_000001c111cb97d0 .functor BUFZ 1, v000001c111d3db00_0, C4<0>, C4<0>, C4<0>;
L_000001c111cb96f0 .functor BUFZ 11, v000001c111d3ee60_0, C4<00000000000>, C4<00000000000>, C4<00000000000>;
L_000001c111cb9840 .functor BUFZ 11, v000001c111d3eaa0_0, C4<00000000000>, C4<00000000000>, C4<00000000000>;
v000001c111d3e8c0_0 .net *"_ivl_1", 0 0, L_000001c111d45060;  1 drivers
v000001c111d3efa0_0 .net *"_ivl_2", 2 0, L_000001c111d436c0;  1 drivers
v000001c111d3d1a0_0 .net *"_ivl_7", 0 0, L_000001c111d43760;  1 drivers
v000001c111d3dec0_0 .net *"_ivl_8", 2 0, L_000001c111d43bc0;  1 drivers
v000001c111d3ef00_0 .net "clk", 0 0, v000001c111d44d40_0;  1 drivers
v000001c111d3e280_0 .net "rst", 0 0, v000001c111d44520_0;  1 drivers
v000001c111d3f040_0 .net/s "s1i", 10 0, v000001c111d342c0_0;  1 drivers
v000001c111d3df60_0 .net/s "s1r", 10 0, v000001c111d344a0_0;  1 drivers
v000001c111d3e000_0 .net/s "s2i", 10 0, v000001c111d38600_0;  1 drivers
v000001c111d3d9c0_0 .net/s "s2r", 10 0, v000001c111d38740_0;  1 drivers
v000001c111d3da60_0 .net/s "s3i", 10 0, v000001c111d3eaa0_0;  1 drivers
v000001c111d3d240_0 .net/s "s3r", 10 0, v000001c111d3ee60_0;  1 drivers
v000001c111d3e0a0_0 .net "v1", 0 0, v000001c111d336e0_0;  1 drivers
v000001c111d3dba0_0 .net "v2", 0 0, v000001c111d38f60_0;  1 drivers
v000001c111d3e140_0 .net "v3", 0 0, v000001c111d3db00_0;  1 drivers
v000001c111d3e1e0_0 .net "valid_in", 0 0, v000001c111d44980_0;  1 drivers
v000001c111d3e460_0 .net "valid_out", 0 0, L_000001c111cb97d0;  alias, 1 drivers
v000001c111d3e500_0 .net/s "xi_in", 7 0, v000001c111d43940_0;  1 drivers
v000001c111d3e5a0_0 .net/s "xi_out", 10 0, L_000001c111cb9840;  alias, 1 drivers
v000001c111d3e640_0 .net/s "xii_ext", 10 0, L_000001c111d43260;  1 drivers
v000001c111d3e6e0_0 .net/s "xr_in", 7 0, v000001c111d44160_0;  1 drivers
v000001c111d3e780_0 .net/s "xr_out", 10 0, L_000001c111cb96f0;  alias, 1 drivers
v000001c111d3e820_0 .net/s "xri_ext", 10 0, L_000001c111d431c0;  1 drivers
L_000001c111d45060 .part v000001c111d44160_0, 7, 1;
L_000001c111d436c0 .concat [ 1 1 1 0], L_000001c111d45060, L_000001c111d45060, L_000001c111d45060;
L_000001c111d431c0 .concat [ 8 3 0 0], v000001c111d44160_0, L_000001c111d436c0;
L_000001c111d43760 .part v000001c111d43940_0, 7, 1;
L_000001c111d43bc0 .concat [ 1 1 1 0], L_000001c111d43760, L_000001c111d43760, L_000001c111d43760;
L_000001c111d43260 .concat [ 8 3 0 0], v000001c111d43940_0, L_000001c111d43bc0;
S_000001c111c7ad40 .scope module, "STAGE1" "stage" 5 36, 5 87 0, S_000001c111c45720;
 .timescale -9 -12;
    .port_info 0 /INPUT 1 "clk";
    .port_info 1 /INPUT 1 "rst";
    .port_info 2 /INPUT 1 "valid_in";
    .port_info 3 /INPUT 11 "xr_in";
    .port_info 4 /INPUT 11 "xi_in";
    .port_info 5 /OUTPUT 1 "valid_out";
    .port_info 6 /OUTPUT 11 "xr_out";
    .port_info 7 /OUTPUT 11 "xi_out";
P_000001c111c7aed0 .param/l "DELAY" 0 5 91, +C4<00000000000000000000000000000100>;
P_000001c111c7af08 .param/l "FRAC" 0 5 89, +C4<00000000000000000000000000000101>;
P_000001c111c7af40 .param/l "INT" 0 5 88, +C4<00000000000000000000000000000110>;
P_000001c111c7af78 .param/l "ONE_I" 1 5 125, +C4<00000100000>;
P_000001c111c7afb0 .param/l "SQ_I" 1 5 126, +C4<00000010110>;
P_000001c111c7afe8 .param/l "STAGE" 0 5 92, +C4<00000000000000000000000000000001>;
P_000001c111c7b020 .param/l "W" 0 5 90, +C4<000000000000000000000000000001011>;
v000001c111d32c10_0 .net *"_ivl_0", 31 0, L_000001c111d43b20;  1 drivers
L_000001c111d45188 .functor BUFT 1, C4<000000000000000000000000>, C4<0>, C4<0>, C4<0>;
v000001c111d32df0_0 .net *"_ivl_3", 23 0, L_000001c111d45188;  1 drivers
L_000001c111d451d0 .functor BUFT 1, C4<00000000000000000000000000000100>, C4<0>, C4<0>, C4<0>;
v000001c111d319f0_0 .net/2u *"_ivl_4", 31 0, L_000001c111d451d0;  1 drivers
v000001c111d31a90_0 .net *"_ivl_6", 31 0, L_000001c111d44200;  1 drivers
v000001c111d31b30_0 .var/s "a_i", 10 0;
v000001c111d32030_0 .var/s "a_r", 10 0;
v000001c111d320d0_0 .var/s "b_i", 10 0;
v000001c111d32210_0 .var/s "b_r", 10 0;
v000001c111d32170_0 .net "clk", 0 0, v000001c111d44d40_0;  alias, 1 drivers
v000001c111d31bd0_0 .var "count", 7 0;
v000001c111d322b0_0 .net/s "diff_tw_i", 10 0, L_000001c111d9da10;  1 drivers
v000001c111d33500_0 .net/s "diff_tw_r", 10 0, L_000001c111d9e0f0;  1 drivers
v000001c111d33780_0 .var/i "i", 31 0;
v000001c111d34860_0 .net "idx", 7 0, L_000001c111d44ca0;  1 drivers
v000001c111d34d60 .array/s "mem_i", 3 0, 10 0;
v000001c111d33fa0 .array/s "mem_r", 3 0, 10 0;
v000001c111d34ea0_0 .var "primed", 0 0;
v000001c111d34040_0 .net "rst", 0 0, v000001c111d44520_0;  alias, 1 drivers
v000001c111d34cc0_0 .net/s "sum_i", 10 0, L_000001c111d9dbf0;  1 drivers
v000001c111d33640_0 .net/s "sum_r", 10 0, L_000001c111d44c00;  1 drivers
v000001c111d331e0_0 .net "valid_in", 0 0, v000001c111d44980_0;  alias, 1 drivers
v000001c111d336e0_0 .var "valid_out", 0 0;
v000001c111d33140_0 .var/s "wi", 10 0;
v000001c111d34fe0_0 .var/s "wr", 10 0;
v000001c111d34540_0 .net/s "xi_in", 10 0, L_000001c111d43260;  alias, 1 drivers
v000001c111d342c0_0 .var/s "xi_out", 10 0;
v000001c111d33dc0_0 .net/s "xr_in", 10 0, L_000001c111d431c0;  alias, 1 drivers
v000001c111d344a0_0 .var/s "xr_out", 10 0;
E_000001c111c78520 .event posedge, v000001c111d34040_0, v000001c111d32170_0;
E_000001c111c78ce0 .event anyedge, v000001c111d34860_0;
E_000001c111c77da0/0 .event anyedge, v000001c111d33dc0_0, v000001c111d34540_0, v000001c111d31bd0_0, v000001c111d34860_0;
v000001c111d33fa0_0 .array/port v000001c111d33fa0, 0;
v000001c111d33fa0_1 .array/port v000001c111d33fa0, 1;
v000001c111d33fa0_2 .array/port v000001c111d33fa0, 2;
v000001c111d33fa0_3 .array/port v000001c111d33fa0, 3;
E_000001c111c77da0/1 .event anyedge, v000001c111d33fa0_0, v000001c111d33fa0_1, v000001c111d33fa0_2, v000001c111d33fa0_3;
v000001c111d34d60_0 .array/port v000001c111d34d60, 0;
v000001c111d34d60_1 .array/port v000001c111d34d60, 1;
v000001c111d34d60_2 .array/port v000001c111d34d60, 2;
v000001c111d34d60_3 .array/port v000001c111d34d60, 3;
E_000001c111c77da0/2 .event anyedge, v000001c111d34d60_0, v000001c111d34d60_1, v000001c111d34d60_2, v000001c111d34d60_3;
E_000001c111c77da0 .event/or E_000001c111c77da0/0, E_000001c111c77da0/1, E_000001c111c77da0/2;
L_000001c111d43b20 .concat [ 8 24 0 0], v000001c111d31bd0_0, L_000001c111d45188;
L_000001c111d44200 .arith/sub 32, L_000001c111d43b20, L_000001c111d451d0;
L_000001c111d44ca0 .part L_000001c111d44200, 0, 8;
S_000001c111c71be0 .scope module, "BF" "butterfly_dif" 5 132, 6 1 0, S_000001c111c7ad40;
 .timescale -9 -12;
    .port_info 0 /INPUT 11 "ar";
    .port_info 1 /INPUT 11 "ai";
    .port_info 2 /INPUT 11 "br";
    .port_info 3 /INPUT 11 "bi";
    .port_info 4 /INPUT 11 "wr";
    .port_info 5 /INPUT 11 "wi";
    .port_info 6 /OUTPUT 11 "sum_r";
    .port_info 7 /OUTPUT 11 "sum_i";
    .port_info 8 /OUTPUT 11 "diff_tw_r";
    .port_info 9 /OUTPUT 11 "diff_tw_i";
P_000001c111c74840 .param/l "FRAC" 0 6 3, +C4<00000000000000000000000000000101>;
P_000001c111c74878 .param/l "INT" 0 6 2, +C4<00000000000000000000000000000110>;
P_000001c111c748b0 .param/l "W" 0 6 4, +C4<000000000000000000000000000001011>;
v000001c111d318b0_0 .net/s *"_ivl_0", 11 0, L_000001c111d445c0;  1 drivers
v000001c111d32e90_0 .net/s *"_ivl_12", 11 0, L_000001c111d44ac0;  1 drivers
v000001c111d31e50_0 .net/s *"_ivl_14", 11 0, L_000001c111d44b60;  1 drivers
v000001c111d32710_0 .net/s *"_ivl_18", 11 0, L_000001c111d43c60;  1 drivers
v000001c111d32850_0 .net/s *"_ivl_2", 11 0, L_000001c111d44340;  1 drivers
v000001c111d328f0_0 .net/s *"_ivl_20", 11 0, L_000001c111d43d00;  1 drivers
v000001c111d32530_0 .net/s *"_ivl_6", 11 0, L_000001c111d43800;  1 drivers
v000001c111d31db0_0 .net/s *"_ivl_8", 11 0, L_000001c111d43da0;  1 drivers
v000001c111d311d0_0 .net/s "ai", 10 0, v000001c111d31b30_0;  1 drivers
v000001c111d32990_0 .net/s "ar", 10 0, v000001c111d32030_0;  1 drivers
v000001c111d32fd0_0 .net/s "bi", 10 0, v000001c111d320d0_0;  1 drivers
v000001c111d31130_0 .net/s "br", 10 0, v000001c111d32210_0;  1 drivers
v000001c111d31590_0 .net/s "diff_i", 10 0, L_000001c111d9d470;  1 drivers
v000001c111d31310_0 .net/s "diff_i_w", 11 0, L_000001c111d44660;  1 drivers
v000001c111d31630_0 .net/s "diff_r", 10 0, L_000001c111d9df10;  1 drivers
v000001c111d316d0_0 .net/s "diff_r_w", 11 0, L_000001c111d438a0;  1 drivers
v000001c111d32a30_0 .net/s "diff_tw_i", 10 0, L_000001c111d9da10;  alias, 1 drivers
v000001c111d32d50_0 .net/s "diff_tw_r", 10 0, L_000001c111d9e0f0;  alias, 1 drivers
v000001c111d31ef0_0 .net/s "sum_i", 10 0, L_000001c111d9dbf0;  alias, 1 drivers
v000001c111d31810_0 .net/s "sum_i_w", 11 0, L_000001c111d44a20;  1 drivers
v000001c111d325d0_0 .net/s "sum_r", 10 0, L_000001c111d44c00;  alias, 1 drivers
v000001c111d32ad0_0 .net/s "sum_r_w", 11 0, L_000001c111d443e0;  1 drivers
v000001c111d31f90_0 .net/s "wi", 10 0, v000001c111d33140_0;  1 drivers
v000001c111d31950_0 .net/s "wr", 10 0, v000001c111d34fe0_0;  1 drivers
L_000001c111d445c0 .extend/s 12, v000001c111d32030_0;
L_000001c111d44340 .extend/s 12, v000001c111d32210_0;
L_000001c111d443e0 .arith/sum 12, L_000001c111d445c0, L_000001c111d44340;
L_000001c111d43800 .extend/s 12, v000001c111d31b30_0;
L_000001c111d43da0 .extend/s 12, v000001c111d320d0_0;
L_000001c111d44a20 .arith/sum 12, L_000001c111d43800, L_000001c111d43da0;
L_000001c111d44ac0 .extend/s 12, v000001c111d32030_0;
L_000001c111d44b60 .extend/s 12, v000001c111d32210_0;
L_000001c111d438a0 .arith/sub 12, L_000001c111d44ac0, L_000001c111d44b60;
L_000001c111d43c60 .extend/s 12, v000001c111d31b30_0;
L_000001c111d43d00 .extend/s 12, v000001c111d320d0_0;
L_000001c111d44660 .arith/sub 12, L_000001c111d43c60, L_000001c111d43d00;
L_000001c111d44c00 .part L_000001c111d443e0, 0, 11;
L_000001c111d9dbf0 .part L_000001c111d44a20, 0, 11;
L_000001c111d9df10 .part L_000001c111d438a0, 0, 11;
L_000001c111d9d470 .part L_000001c111d44660, 0, 11;
S_000001c111c71d70 .scope module, "CMULT" "complex_mult" 6 40, 3 37 0, S_000001c111c71be0;
 .timescale -9 -12;
    .port_info 0 /INPUT 11 "ar";
    .port_info 1 /INPUT 11 "ai";
    .port_info 2 /INPUT 11 "br";
    .port_info 3 /INPUT 11 "bi";
    .port_info 4 /OUTPUT 11 "pr";
    .port_info 5 /OUTPUT 11 "pi";
P_000001c111c74a50 .param/l "FRAC" 0 3 39, +C4<00000000000000000000000000000101>;
P_000001c111c74a88 .param/l "INT" 0 3 38, +C4<00000000000000000000000000000110>;
P_000001c111c74ac0 .param/l "W" 0 3 40, +C4<000000000000000000000000000001011>;
v000001c111cc6f80_0 .net/s *"_ivl_0", 21 0, L_000001c111d9d3d0;  1 drivers
v000001c111cc7020_0 .net/s *"_ivl_12", 21 0, L_000001c111d9e5f0;  1 drivers
v000001c111cc68a0_0 .net/s *"_ivl_14", 21 0, L_000001c111d9e910;  1 drivers
v000001c111cc7e80_0 .net/s *"_ivl_18", 21 0, L_000001c111d9d5b0;  1 drivers
v000001c111cc7ca0_0 .net/s *"_ivl_2", 21 0, L_000001c111d9ed70;  1 drivers
v000001c111cc6940_0 .net/s *"_ivl_20", 21 0, L_000001c111d9ee10;  1 drivers
v000001c111cc70c0_0 .net/s *"_ivl_24", 22 0, L_000001c111d9d790;  1 drivers
v000001c111cc7160_0 .net/s *"_ivl_26", 22 0, L_000001c111d9e9b0;  1 drivers
v000001c111cc7f20_0 .net/s *"_ivl_30", 22 0, L_000001c111d9eeb0;  1 drivers
v000001c111cc72a0_0 .net/s *"_ivl_32", 22 0, L_000001c111d9ecd0;  1 drivers
v000001c111cc73e0_0 .net *"_ivl_38", 17 0, L_000001c111d9e730;  1 drivers
v000001c111cc7660_0 .net *"_ivl_42", 17 0, L_000001c111d9d970;  1 drivers
v000001c111cc7700_0 .net/s *"_ivl_6", 21 0, L_000001c111d9e4b0;  1 drivers
v000001c111d31d10_0 .net/s *"_ivl_8", 21 0, L_000001c111d9ec30;  1 drivers
v000001c111d32f30_0 .net/s "ac", 21 0, L_000001c111d9d8d0;  1 drivers
v000001c111d32350_0 .net/s "ad", 21 0, L_000001c111d9e7d0;  1 drivers
v000001c111d323f0_0 .net/s "ai", 10 0, L_000001c111d9d470;  alias, 1 drivers
v000001c111d31270_0 .net/s "ar", 10 0, L_000001c111d9df10;  alias, 1 drivers
v000001c111d31c70_0 .net/s "bc", 21 0, L_000001c111d9ddd0;  1 drivers
v000001c111d31770_0 .net/s "bd", 21 0, L_000001c111d9dc90;  1 drivers
v000001c111d32cb0_0 .net/s "bi", 10 0, v000001c111d33140_0;  alias, 1 drivers
v000001c111d313b0_0 .net/s "br", 10 0, v000001c111d34fe0_0;  alias, 1 drivers
v000001c111d314f0_0 .net/s "imag_full", 22 0, L_000001c111d9e190;  1 drivers
v000001c111d32b70_0 .net/s "imag_scaled", 22 0, L_000001c111d9eaf0;  1 drivers
v000001c111d32490_0 .net/s "pi", 10 0, L_000001c111d9da10;  alias, 1 drivers
v000001c111d31450_0 .net/s "pr", 10 0, L_000001c111d9e0f0;  alias, 1 drivers
v000001c111d32670_0 .net/s "real_full", 22 0, L_000001c111d9dd30;  1 drivers
v000001c111d327b0_0 .net/s "real_scaled", 22 0, L_000001c111d9ea50;  1 drivers
L_000001c111d9d3d0 .extend/s 22, L_000001c111d9df10;
L_000001c111d9ed70 .extend/s 22, v000001c111d34fe0_0;
L_000001c111d9d8d0 .arith/mult 22, L_000001c111d9d3d0, L_000001c111d9ed70;
L_000001c111d9e4b0 .extend/s 22, L_000001c111d9d470;
L_000001c111d9ec30 .extend/s 22, v000001c111d33140_0;
L_000001c111d9dc90 .arith/mult 22, L_000001c111d9e4b0, L_000001c111d9ec30;
L_000001c111d9e5f0 .extend/s 22, L_000001c111d9df10;
L_000001c111d9e910 .extend/s 22, v000001c111d33140_0;
L_000001c111d9e7d0 .arith/mult 22, L_000001c111d9e5f0, L_000001c111d9e910;
L_000001c111d9d5b0 .extend/s 22, L_000001c111d9d470;
L_000001c111d9ee10 .extend/s 22, v000001c111d34fe0_0;
L_000001c111d9ddd0 .arith/mult 22, L_000001c111d9d5b0, L_000001c111d9ee10;
L_000001c111d9d790 .extend/s 23, L_000001c111d9d8d0;
L_000001c111d9e9b0 .extend/s 23, L_000001c111d9dc90;
L_000001c111d9dd30 .arith/sub 23, L_000001c111d9d790, L_000001c111d9e9b0;
L_000001c111d9eeb0 .extend/s 23, L_000001c111d9e7d0;
L_000001c111d9ecd0 .extend/s 23, L_000001c111d9ddd0;
L_000001c111d9e190 .arith/sum 23, L_000001c111d9eeb0, L_000001c111d9ecd0;
L_000001c111d9e730 .part L_000001c111d9dd30, 5, 18;
L_000001c111d9ea50 .extend/s 23, L_000001c111d9e730;
L_000001c111d9d970 .part L_000001c111d9e190, 5, 18;
L_000001c111d9eaf0 .extend/s 23, L_000001c111d9d970;
L_000001c111d9e0f0 .part L_000001c111d9ea50, 0, 11;
L_000001c111d9da10 .part L_000001c111d9eaf0, 0, 11;
S_000001c111c67c60 .scope module, "STAGE2" "stage" 5 53, 5 87 0, S_000001c111c45720;
 .timescale -9 -12;
    .port_info 0 /INPUT 1 "clk";
    .port_info 1 /INPUT 1 "rst";
    .port_info 2 /INPUT 1 "valid_in";
    .port_info 3 /INPUT 11 "xr_in";
    .port_info 4 /INPUT 11 "xi_in";
    .port_info 5 /OUTPUT 1 "valid_out";
    .port_info 6 /OUTPUT 11 "xr_out";
    .port_info 7 /OUTPUT 11 "xi_out";
P_000001c111c67df0 .param/l "DELAY" 0 5 91, +C4<00000000000000000000000000000010>;
P_000001c111c67e28 .param/l "FRAC" 0 5 89, +C4<00000000000000000000000000000101>;
P_000001c111c67e60 .param/l "INT" 0 5 88, +C4<00000000000000000000000000000110>;
P_000001c111c67e98 .param/l "ONE_I" 1 5 125, +C4<00000100000>;
P_000001c111c67ed0 .param/l "SQ_I" 1 5 126, +C4<00000010110>;
P_000001c111c67f08 .param/l "STAGE" 0 5 92, +C4<00000000000000000000000000000010>;
P_000001c111c67f40 .param/l "W" 0 5 90, +C4<000000000000000000000000000001011>;
v000001c111d373e0_0 .net *"_ivl_0", 31 0, L_000001c111d9eb90;  1 drivers
L_000001c111d45218 .functor BUFT 1, C4<000000000000000000000000>, C4<0>, C4<0>, C4<0>;
v000001c111d37de0_0 .net *"_ivl_3", 23 0, L_000001c111d45218;  1 drivers
L_000001c111d45260 .functor BUFT 1, C4<00000000000000000000000000000010>, C4<0>, C4<0>, C4<0>;
v000001c111d384c0_0 .net/2u *"_ivl_4", 31 0, L_000001c111d45260;  1 drivers
v000001c111d37840_0 .net *"_ivl_6", 31 0, L_000001c111d9eff0;  1 drivers
v000001c111d37340_0 .var/s "a_i", 10 0;
v000001c111d381a0_0 .var/s "a_r", 10 0;
v000001c111d37480_0 .var/s "b_i", 10 0;
v000001c111d37700_0 .var/s "b_r", 10 0;
v000001c111d37980_0 .net "clk", 0 0, v000001c111d44d40_0;  alias, 1 drivers
v000001c111d38880_0 .var "count", 7 0;
v000001c111d38ec0_0 .net/s "diff_tw_i", 10 0, L_000001c111d9fc50;  1 drivers
v000001c111d38920_0 .net/s "diff_tw_r", 10 0, L_000001c111da03d0;  1 drivers
v000001c111d37a20_0 .var/i "i", 31 0;
v000001c111d387e0_0 .net "idx", 7 0, L_000001c111d9ef50;  1 drivers
v000001c111d38ba0 .array/s "mem_i", 1 0, 10 0;
v000001c111d37ac0 .array/s "mem_r", 1 0, 10 0;
v000001c111d37160_0 .var "primed", 0 0;
v000001c111d37b60_0 .net "rst", 0 0, v000001c111d44520_0;  alias, 1 drivers
v000001c111d37200_0 .net/s "sum_i", 10 0, L_000001c111d9e370;  1 drivers
v000001c111d37c00_0 .net/s "sum_r", 10 0, L_000001c111d9e050;  1 drivers
v000001c111d37d40_0 .net "valid_in", 0 0, v000001c111d336e0_0;  alias, 1 drivers
v000001c111d38f60_0 .var "valid_out", 0 0;
v000001c111d38240_0 .var/s "wi", 10 0;
v000001c111d382e0_0 .var/s "wr", 10 0;
v000001c111d38380_0 .net/s "xi_in", 10 0, v000001c111d342c0_0;  alias, 1 drivers
v000001c111d38600_0 .var/s "xi_out", 10 0;
v000001c111d386a0_0 .net/s "xr_in", 10 0, v000001c111d344a0_0;  alias, 1 drivers
v000001c111d38740_0 .var/s "xr_out", 10 0;
E_000001c111c781a0 .event anyedge, v000001c111d387e0_0;
E_000001c111c78ae0/0 .event anyedge, v000001c111d344a0_0, v000001c111d342c0_0, v000001c111d38880_0, v000001c111d387e0_0;
v000001c111d37ac0_0 .array/port v000001c111d37ac0, 0;
v000001c111d37ac0_1 .array/port v000001c111d37ac0, 1;
v000001c111d38ba0_0 .array/port v000001c111d38ba0, 0;
v000001c111d38ba0_1 .array/port v000001c111d38ba0, 1;
E_000001c111c78ae0/1 .event anyedge, v000001c111d37ac0_0, v000001c111d37ac0_1, v000001c111d38ba0_0, v000001c111d38ba0_1;
E_000001c111c78ae0 .event/or E_000001c111c78ae0/0, E_000001c111c78ae0/1;
L_000001c111d9eb90 .concat [ 8 24 0 0], v000001c111d38880_0, L_000001c111d45218;
L_000001c111d9eff0 .arith/sub 32, L_000001c111d9eb90, L_000001c111d45260;
L_000001c111d9ef50 .part L_000001c111d9eff0, 0, 8;
S_000001c111ceeb40 .scope module, "BF" "butterfly_dif" 5 132, 6 1 0, S_000001c111c67c60;
 .timescale -9 -12;
    .port_info 0 /INPUT 11 "ar";
    .port_info 1 /INPUT 11 "ai";
    .port_info 2 /INPUT 11 "br";
    .port_info 3 /INPUT 11 "bi";
    .port_info 4 /INPUT 11 "wr";
    .port_info 5 /INPUT 11 "wi";
    .port_info 6 /OUTPUT 11 "sum_r";
    .port_info 7 /OUTPUT 11 "sum_i";
    .port_info 8 /OUTPUT 11 "diff_tw_r";
    .port_info 9 /OUTPUT 11 "diff_tw_i";
P_000001c111d36c20 .param/l "FRAC" 0 6 3, +C4<00000000000000000000000000000101>;
P_000001c111d36c58 .param/l "INT" 0 6 2, +C4<00000000000000000000000000000110>;
P_000001c111d36c90 .param/l "W" 0 6 4, +C4<000000000000000000000000000001011>;
v000001c111d340e0_0 .net/s *"_ivl_0", 11 0, L_000001c111d9e550;  1 drivers
v000001c111d34180_0 .net/s *"_ivl_12", 11 0, L_000001c111d9dab0;  1 drivers
v000001c111d34680_0 .net/s *"_ivl_14", 11 0, L_000001c111d9e870;  1 drivers
v000001c111d34720_0 .net/s *"_ivl_18", 11 0, L_000001c111d9de70;  1 drivers
v000001c111d347c0_0 .net/s *"_ivl_2", 11 0, L_000001c111d9f090;  1 drivers
v000001c111d378e0_0 .net/s *"_ivl_20", 11 0, L_000001c111d9d330;  1 drivers
v000001c111d38100_0 .net/s *"_ivl_6", 11 0, L_000001c111d9dfb0;  1 drivers
v000001c111d37f20_0 .net/s *"_ivl_8", 11 0, L_000001c111d9d1f0;  1 drivers
v000001c111d372a0_0 .net/s "ai", 10 0, v000001c111d37340_0;  1 drivers
v000001c111d37e80_0 .net/s "ar", 10 0, v000001c111d381a0_0;  1 drivers
v000001c111d377a0_0 .net/s "bi", 10 0, v000001c111d37480_0;  1 drivers
v000001c111d38420_0 .net/s "br", 10 0, v000001c111d37700_0;  1 drivers
v000001c111d37fc0_0 .net/s "diff_i", 10 0, L_000001c111d9d510;  1 drivers
v000001c111d37520_0 .net/s "diff_i_w", 11 0, L_000001c111d9db50;  1 drivers
v000001c111d38c40_0 .net/s "diff_r", 10 0, L_000001c111d9e230;  1 drivers
v000001c111d38560_0 .net/s "diff_r_w", 11 0, L_000001c111d9e690;  1 drivers
v000001c111d38060_0 .net/s "diff_tw_i", 10 0, L_000001c111d9fc50;  alias, 1 drivers
v000001c111d37ca0_0 .net/s "diff_tw_r", 10 0, L_000001c111da03d0;  alias, 1 drivers
v000001c111d375c0_0 .net/s "sum_i", 10 0, L_000001c111d9e370;  alias, 1 drivers
v000001c111d37660_0 .net/s "sum_i_w", 11 0, L_000001c111d9d290;  1 drivers
v000001c111d38d80_0 .net/s "sum_r", 10 0, L_000001c111d9e050;  alias, 1 drivers
v000001c111d39000_0 .net/s "sum_r_w", 11 0, L_000001c111d9d830;  1 drivers
v000001c111d38e20_0 .net/s "wi", 10 0, v000001c111d38240_0;  1 drivers
v000001c111d38b00_0 .net/s "wr", 10 0, v000001c111d382e0_0;  1 drivers
L_000001c111d9e550 .extend/s 12, v000001c111d381a0_0;
L_000001c111d9f090 .extend/s 12, v000001c111d37700_0;
L_000001c111d9d830 .arith/sum 12, L_000001c111d9e550, L_000001c111d9f090;
L_000001c111d9dfb0 .extend/s 12, v000001c111d37340_0;
L_000001c111d9d1f0 .extend/s 12, v000001c111d37480_0;
L_000001c111d9d290 .arith/sum 12, L_000001c111d9dfb0, L_000001c111d9d1f0;
L_000001c111d9dab0 .extend/s 12, v000001c111d381a0_0;
L_000001c111d9e870 .extend/s 12, v000001c111d37700_0;
L_000001c111d9e690 .arith/sub 12, L_000001c111d9dab0, L_000001c111d9e870;
L_000001c111d9de70 .extend/s 12, v000001c111d37340_0;
L_000001c111d9d330 .extend/s 12, v000001c111d37480_0;
L_000001c111d9db50 .arith/sub 12, L_000001c111d9de70, L_000001c111d9d330;
L_000001c111d9e050 .part L_000001c111d9d830, 0, 11;
L_000001c111d9e370 .part L_000001c111d9d290, 0, 11;
L_000001c111d9e230 .part L_000001c111d9e690, 0, 11;
L_000001c111d9d510 .part L_000001c111d9db50, 0, 11;
S_000001c111ceecd0 .scope module, "CMULT" "complex_mult" 6 40, 3 37 0, S_000001c111ceeb40;
 .timescale -9 -12;
    .port_info 0 /INPUT 11 "ar";
    .port_info 1 /INPUT 11 "ai";
    .port_info 2 /INPUT 11 "br";
    .port_info 3 /INPUT 11 "bi";
    .port_info 4 /OUTPUT 11 "pr";
    .port_info 5 /OUTPUT 11 "pi";
P_000001c111d35af0 .param/l "FRAC" 0 3 39, +C4<00000000000000000000000000000101>;
P_000001c111d35b28 .param/l "INT" 0 3 38, +C4<00000000000000000000000000000110>;
P_000001c111d35b60 .param/l "W" 0 3 40, +C4<000000000000000000000000000001011>;
v000001c111d34360_0 .net/s *"_ivl_0", 21 0, L_000001c111d9e2d0;  1 drivers
v000001c111d34e00_0 .net/s *"_ivl_12", 21 0, L_000001c111d9fb10;  1 drivers
v000001c111d34f40_0 .net/s *"_ivl_14", 21 0, L_000001c111d9fcf0;  1 drivers
v000001c111d34220_0 .net/s *"_ivl_18", 21 0, L_000001c111da1230;  1 drivers
v000001c111d33280_0 .net/s *"_ivl_2", 21 0, L_000001c111d9e410;  1 drivers
v000001c111d34c20_0 .net/s *"_ivl_20", 21 0, L_000001c111da0290;  1 drivers
v000001c111d33320_0 .net/s *"_ivl_24", 22 0, L_000001c111d9fbb0;  1 drivers
v000001c111d33aa0_0 .net/s *"_ivl_26", 22 0, L_000001c111d9f7f0;  1 drivers
v000001c111d34900_0 .net/s *"_ivl_30", 22 0, L_000001c111da19b0;  1 drivers
v000001c111d338c0_0 .net/s *"_ivl_32", 22 0, L_000001c111d9fe30;  1 drivers
v000001c111d34a40_0 .net *"_ivl_38", 17 0, L_000001c111da1af0;  1 drivers
v000001c111d34b80_0 .net *"_ivl_42", 17 0, L_000001c111d9ff70;  1 drivers
v000001c111d333c0_0 .net/s *"_ivl_6", 21 0, L_000001c111d9d6f0;  1 drivers
v000001c111d33e60_0 .net/s *"_ivl_8", 21 0, L_000001c111da0830;  1 drivers
v000001c111d34400_0 .net/s "ac", 21 0, L_000001c111d9d650;  1 drivers
v000001c111d34ae0_0 .net/s "ad", 21 0, L_000001c111da10f0;  1 drivers
v000001c111d345e0_0 .net/s "ai", 10 0, L_000001c111d9d510;  alias, 1 drivers
v000001c111d33460_0 .net/s "ar", 10 0, L_000001c111d9e230;  alias, 1 drivers
v000001c111d335a0_0 .net/s "bc", 21 0, L_000001c111da0470;  1 drivers
v000001c111d349a0_0 .net/s "bd", 21 0, L_000001c111da0d30;  1 drivers
v000001c111d33c80_0 .net/s "bi", 10 0, v000001c111d38240_0;  alias, 1 drivers
v000001c111d33f00_0 .net/s "br", 10 0, v000001c111d382e0_0;  alias, 1 drivers
v000001c111d33d20_0 .net/s "imag_full", 22 0, L_000001c111da0dd0;  1 drivers
v000001c111d33820_0 .net/s "imag_scaled", 22 0, L_000001c111da1050;  1 drivers
v000001c111d33960_0 .net/s "pi", 10 0, L_000001c111d9fc50;  alias, 1 drivers
v000001c111d33a00_0 .net/s "pr", 10 0, L_000001c111da03d0;  alias, 1 drivers
v000001c111d33b40_0 .net/s "real_full", 22 0, L_000001c111da0790;  1 drivers
v000001c111d33be0_0 .net/s "real_scaled", 22 0, L_000001c111da1b90;  1 drivers
L_000001c111d9e2d0 .extend/s 22, L_000001c111d9e230;
L_000001c111d9e410 .extend/s 22, v000001c111d382e0_0;
L_000001c111d9d650 .arith/mult 22, L_000001c111d9e2d0, L_000001c111d9e410;
L_000001c111d9d6f0 .extend/s 22, L_000001c111d9d510;
L_000001c111da0830 .extend/s 22, v000001c111d38240_0;
L_000001c111da0d30 .arith/mult 22, L_000001c111d9d6f0, L_000001c111da0830;
L_000001c111d9fb10 .extend/s 22, L_000001c111d9e230;
L_000001c111d9fcf0 .extend/s 22, v000001c111d38240_0;
L_000001c111da10f0 .arith/mult 22, L_000001c111d9fb10, L_000001c111d9fcf0;
L_000001c111da1230 .extend/s 22, L_000001c111d9d510;
L_000001c111da0290 .extend/s 22, v000001c111d382e0_0;
L_000001c111da0470 .arith/mult 22, L_000001c111da1230, L_000001c111da0290;
L_000001c111d9fbb0 .extend/s 23, L_000001c111d9d650;
L_000001c111d9f7f0 .extend/s 23, L_000001c111da0d30;
L_000001c111da0790 .arith/sub 23, L_000001c111d9fbb0, L_000001c111d9f7f0;
L_000001c111da19b0 .extend/s 23, L_000001c111da10f0;
L_000001c111d9fe30 .extend/s 23, L_000001c111da0470;
L_000001c111da0dd0 .arith/sum 23, L_000001c111da19b0, L_000001c111d9fe30;
L_000001c111da1af0 .part L_000001c111da0790, 5, 18;
L_000001c111da1b90 .extend/s 23, L_000001c111da1af0;
L_000001c111d9ff70 .part L_000001c111da0dd0, 5, 18;
L_000001c111da1050 .extend/s 23, L_000001c111d9ff70;
L_000001c111da03d0 .part L_000001c111da1b90, 0, 11;
L_000001c111d9fc50 .part L_000001c111da1050, 0, 11;
S_000001c111c02d00 .scope module, "STAGE3" "stage" 5 70, 5 87 0, S_000001c111c45720;
 .timescale -9 -12;
    .port_info 0 /INPUT 1 "clk";
    .port_info 1 /INPUT 1 "rst";
    .port_info 2 /INPUT 1 "valid_in";
    .port_info 3 /INPUT 11 "xr_in";
    .port_info 4 /INPUT 11 "xi_in";
    .port_info 5 /OUTPUT 1 "valid_out";
    .port_info 6 /OUTPUT 11 "xr_out";
    .port_info 7 /OUTPUT 11 "xi_out";
P_000001c111c02e90 .param/l "DELAY" 0 5 91, +C4<00000000000000000000000000000001>;
P_000001c111c02ec8 .param/l "FRAC" 0 5 89, +C4<00000000000000000000000000000101>;
P_000001c111c02f00 .param/l "INT" 0 5 88, +C4<00000000000000000000000000000110>;
P_000001c111c02f38 .param/l "ONE_I" 1 5 125, +C4<00000100000>;
P_000001c111c02f70 .param/l "SQ_I" 1 5 126, +C4<00000010110>;
P_000001c111c02fa8 .param/l "STAGE" 0 5 92, +C4<00000000000000000000000000000011>;
P_000001c111c02fe0 .param/l "W" 0 5 90, +C4<000000000000000000000000000001011>;
v000001c111d3c810_0 .net *"_ivl_0", 31 0, L_000001c111da0330;  1 drivers
L_000001c111d452a8 .functor BUFT 1, C4<000000000000000000000000>, C4<0>, C4<0>, C4<0>;
v000001c111d3de20_0 .net *"_ivl_3", 23 0, L_000001c111d452a8;  1 drivers
L_000001c111d452f0 .functor BUFT 1, C4<00000000000000000000000000000001>, C4<0>, C4<0>, C4<0>;
v000001c111d3d6a0_0 .net/2u *"_ivl_4", 31 0, L_000001c111d452f0;  1 drivers
v000001c111d3dc40_0 .net *"_ivl_6", 31 0, L_000001c111d9fa70;  1 drivers
v000001c111d3d740_0 .var/s "a_i", 10 0;
v000001c111d3eb40_0 .var/s "a_r", 10 0;
v000001c111d3edc0_0 .var/s "b_i", 10 0;
v000001c111d3d4c0_0 .var/s "b_r", 10 0;
v000001c111d3ec80_0 .net "clk", 0 0, v000001c111d44d40_0;  alias, 1 drivers
v000001c111d3e3c0_0 .var "count", 7 0;
v000001c111d3ea00_0 .net/s "diff_tw_i", 10 0, L_000001c111da1550;  1 drivers
v000001c111d3e960_0 .net/s "diff_tw_r", 10 0, L_000001c111da14b0;  1 drivers
v000001c111d3d420_0 .var/i "i", 31 0;
v000001c111d3ed20_0 .net "idx", 7 0, L_000001c111da0e70;  1 drivers
v000001c111d3d380 .array/s "mem_i", 0 0, 10 0;
v000001c111d3d600 .array/s "mem_r", 0 0, 10 0;
v000001c111d3d7e0_0 .var "primed", 0 0;
v000001c111d3d560_0 .net "rst", 0 0, v000001c111d44520_0;  alias, 1 drivers
v000001c111d3d880_0 .net/s "sum_i", 10 0, L_000001c111da0a10;  1 drivers
v000001c111d3e320_0 .net/s "sum_r", 10 0, L_000001c111da0150;  1 drivers
v000001c111d3dce0_0 .net "valid_in", 0 0, v000001c111d38f60_0;  alias, 1 drivers
v000001c111d3db00_0 .var "valid_out", 0 0;
v000001c111d3d2e0_0 .var/s "wi", 10 0;
v000001c111d3dd80_0 .var/s "wr", 10 0;
v000001c111d3d920_0 .net/s "xi_in", 10 0, v000001c111d38600_0;  alias, 1 drivers
v000001c111d3eaa0_0 .var/s "xi_out", 10 0;
v000001c111d3ebe0_0 .net/s "xr_in", 10 0, v000001c111d38740_0;  alias, 1 drivers
v000001c111d3ee60_0 .var/s "xr_out", 10 0;
E_000001c111c78b60 .event anyedge, v000001c111d3ed20_0;
E_000001c111c78320/0 .event anyedge, v000001c111d38740_0, v000001c111d38600_0, v000001c111d3e3c0_0, v000001c111d3ed20_0;
v000001c111d3d600_0 .array/port v000001c111d3d600, 0;
v000001c111d3d380_0 .array/port v000001c111d3d380, 0;
E_000001c111c78320/1 .event anyedge, v000001c111d3d600_0, v000001c111d3d380_0;
E_000001c111c78320 .event/or E_000001c111c78320/0, E_000001c111c78320/1;
L_000001c111da0330 .concat [ 8 24 0 0], v000001c111d3e3c0_0, L_000001c111d452a8;
L_000001c111d9fa70 .arith/sub 32, L_000001c111da0330, L_000001c111d452f0;
L_000001c111da0e70 .part L_000001c111d9fa70, 0, 8;
S_000001c111c03020 .scope module, "BF" "butterfly_dif" 5 132, 6 1 0, S_000001c111c02d00;
 .timescale -9 -12;
    .port_info 0 /INPUT 11 "ar";
    .port_info 1 /INPUT 11 "ai";
    .port_info 2 /INPUT 11 "br";
    .port_info 3 /INPUT 11 "bi";
    .port_info 4 /INPUT 11 "wr";
    .port_info 5 /INPUT 11 "wi";
    .port_info 6 /OUTPUT 11 "sum_r";
    .port_info 7 /OUTPUT 11 "sum_i";
    .port_info 8 /OUTPUT 11 "diff_tw_r";
    .port_info 9 /OUTPUT 11 "diff_tw_i";
P_000001c111d36ee0 .param/l "FRAC" 0 6 3, +C4<00000000000000000000000000000101>;
P_000001c111d36f18 .param/l "INT" 0 6 2, +C4<00000000000000000000000000000110>;
P_000001c111d36f50 .param/l "W" 0 6 4, +C4<000000000000000000000000000001011>;
v000001c111d3cbd0_0 .net/s *"_ivl_0", 11 0, L_000001c111da1c30;  1 drivers
v000001c111d3b230_0 .net/s *"_ivl_12", 11 0, L_000001c111da0510;  1 drivers
v000001c111d3beb0_0 .net/s *"_ivl_14", 11 0, L_000001c111da0010;  1 drivers
v000001c111d3c950_0 .net/s *"_ivl_18", 11 0, L_000001c111da00b0;  1 drivers
v000001c111d3ce50_0 .net/s *"_ivl_2", 11 0, L_000001c111da1cd0;  1 drivers
v000001c111d3ba50_0 .net/s *"_ivl_20", 11 0, L_000001c111da1d70;  1 drivers
v000001c111d3c310_0 .net/s *"_ivl_6", 11 0, L_000001c111d9fd90;  1 drivers
v000001c111d3bff0_0 .net/s *"_ivl_8", 11 0, L_000001c111da08d0;  1 drivers
v000001c111d3b370_0 .net/s "ai", 10 0, v000001c111d3d740_0;  1 drivers
v000001c111d3bcd0_0 .net/s "ar", 10 0, v000001c111d3eb40_0;  1 drivers
v000001c111d3c090_0 .net/s "bi", 10 0, v000001c111d3edc0_0;  1 drivers
v000001c111d3cc70_0 .net/s "br", 10 0, v000001c111d3d4c0_0;  1 drivers
v000001c111d3c3b0_0 .net/s "diff_i", 10 0, L_000001c111da0650;  1 drivers
v000001c111d3ca90_0 .net/s "diff_i_w", 11 0, L_000001c111da0970;  1 drivers
v000001c111d3b4b0_0 .net/s "diff_r", 10 0, L_000001c111da01f0;  1 drivers
v000001c111d3b5f0_0 .net/s "diff_r_w", 11 0, L_000001c111da05b0;  1 drivers
v000001c111d3cf90_0 .net/s "diff_tw_i", 10 0, L_000001c111da1550;  alias, 1 drivers
v000001c111d3c130_0 .net/s "diff_tw_r", 10 0, L_000001c111da14b0;  alias, 1 drivers
v000001c111d3c1d0_0 .net/s "sum_i", 10 0, L_000001c111da0a10;  alias, 1 drivers
v000001c111d3c450_0 .net/s "sum_i_w", 11 0, L_000001c111d9fed0;  1 drivers
v000001c111d3c590_0 .net/s "sum_r", 10 0, L_000001c111da0150;  alias, 1 drivers
v000001c111d3c630_0 .net/s "sum_r_w", 11 0, L_000001c111da1870;  1 drivers
v000001c111d3c6d0_0 .net/s "wi", 10 0, v000001c111d3d2e0_0;  1 drivers
v000001c111d3c770_0 .net/s "wr", 10 0, v000001c111d3dd80_0;  1 drivers
L_000001c111da1c30 .extend/s 12, v000001c111d3eb40_0;
L_000001c111da1cd0 .extend/s 12, v000001c111d3d4c0_0;
L_000001c111da1870 .arith/sum 12, L_000001c111da1c30, L_000001c111da1cd0;
L_000001c111d9fd90 .extend/s 12, v000001c111d3d740_0;
L_000001c111da08d0 .extend/s 12, v000001c111d3edc0_0;
L_000001c111d9fed0 .arith/sum 12, L_000001c111d9fd90, L_000001c111da08d0;
L_000001c111da0510 .extend/s 12, v000001c111d3eb40_0;
L_000001c111da0010 .extend/s 12, v000001c111d3d4c0_0;
L_000001c111da05b0 .arith/sub 12, L_000001c111da0510, L_000001c111da0010;
L_000001c111da00b0 .extend/s 12, v000001c111d3d740_0;
L_000001c111da1d70 .extend/s 12, v000001c111d3edc0_0;
L_000001c111da0970 .arith/sub 12, L_000001c111da00b0, L_000001c111da1d70;
L_000001c111da0150 .part L_000001c111da1870, 0, 11;
L_000001c111da0a10 .part L_000001c111d9fed0, 0, 11;
L_000001c111da01f0 .part L_000001c111da05b0, 0, 11;
L_000001c111da0650 .part L_000001c111da0970, 0, 11;
S_000001c111d3ac70 .scope module, "CMULT" "complex_mult" 6 40, 3 37 0, S_000001c111c03020;
 .timescale -9 -12;
    .port_info 0 /INPUT 11 "ar";
    .port_info 1 /INPUT 11 "ai";
    .port_info 2 /INPUT 11 "br";
    .port_info 3 /INPUT 11 "bi";
    .port_info 4 /OUTPUT 11 "pr";
    .port_info 5 /OUTPUT 11 "pi";
P_000001c111d36a10 .param/l "FRAC" 0 3 39, +C4<00000000000000000000000000000101>;
P_000001c111d36a48 .param/l "INT" 0 3 38, +C4<00000000000000000000000000000110>;
P_000001c111d36a80 .param/l "W" 0 3 40, +C4<000000000000000000000000000001011>;
v000001c111d389c0_0 .net/s *"_ivl_0", 21 0, L_000001c111da1a50;  1 drivers
v000001c111d38a60_0 .net/s *"_ivl_12", 21 0, L_000001c111da1690;  1 drivers
v000001c111d38ce0_0 .net/s *"_ivl_14", 21 0, L_000001c111da0b50;  1 drivers
v000001c111d3bf50_0 .net/s *"_ivl_18", 21 0, L_000001c111da1910;  1 drivers
v000001c111d3baf0_0 .net/s *"_ivl_2", 21 0, L_000001c111da1410;  1 drivers
v000001c111d3bb90_0 .net/s *"_ivl_20", 21 0, L_000001c111da0bf0;  1 drivers
v000001c111d3b690_0 .net/s *"_ivl_24", 22 0, L_000001c111da0fb0;  1 drivers
v000001c111d3b730_0 .net/s *"_ivl_26", 22 0, L_000001c111da15f0;  1 drivers
v000001c111d3d030_0 .net/s *"_ivl_30", 22 0, L_000001c111da1190;  1 drivers
v000001c111d3cd10_0 .net/s *"_ivl_32", 22 0, L_000001c111d9f750;  1 drivers
v000001c111d3c4f0_0 .net *"_ivl_38", 17 0, L_000001c111d9f890;  1 drivers
v000001c111d3cef0_0 .net *"_ivl_42", 17 0, L_000001c111da12d0;  1 drivers
v000001c111d3b7d0_0 .net/s *"_ivl_6", 21 0, L_000001c111da0f10;  1 drivers
v000001c111d3c8b0_0 .net/s *"_ivl_8", 21 0, L_000001c111d9f610;  1 drivers
v000001c111d3c9f0_0 .net/s "ac", 21 0, L_000001c111da06f0;  1 drivers
v000001c111d3b870_0 .net/s "ad", 21 0, L_000001c111d9f6b0;  1 drivers
v000001c111d3b910_0 .net/s "ai", 10 0, L_000001c111da0650;  alias, 1 drivers
v000001c111d3bd70_0 .net/s "ar", 10 0, L_000001c111da01f0;  alias, 1 drivers
v000001c111d3be10_0 .net/s "bc", 21 0, L_000001c111da0c90;  1 drivers
v000001c111d3bc30_0 .net/s "bd", 21 0, L_000001c111da0ab0;  1 drivers
v000001c111d3c270_0 .net/s "bi", 10 0, v000001c111d3d2e0_0;  alias, 1 drivers
v000001c111d3b190_0 .net/s "br", 10 0, v000001c111d3dd80_0;  alias, 1 drivers
v000001c111d3b2d0_0 .net/s "imag_full", 22 0, L_000001c111da17d0;  1 drivers
v000001c111d3b550_0 .net/s "imag_scaled", 22 0, L_000001c111d9f930;  1 drivers
v000001c111d3cb30_0 .net/s "pi", 10 0, L_000001c111da1550;  alias, 1 drivers
v000001c111d3b410_0 .net/s "pr", 10 0, L_000001c111da14b0;  alias, 1 drivers
v000001c111d3cdb0_0 .net/s "real_full", 22 0, L_000001c111da1730;  1 drivers
v000001c111d3b9b0_0 .net/s "real_scaled", 22 0, L_000001c111da1370;  1 drivers
L_000001c111da1a50 .extend/s 22, L_000001c111da01f0;
L_000001c111da1410 .extend/s 22, v000001c111d3dd80_0;
L_000001c111da06f0 .arith/mult 22, L_000001c111da1a50, L_000001c111da1410;
L_000001c111da0f10 .extend/s 22, L_000001c111da0650;
L_000001c111d9f610 .extend/s 22, v000001c111d3d2e0_0;
L_000001c111da0ab0 .arith/mult 22, L_000001c111da0f10, L_000001c111d9f610;
L_000001c111da1690 .extend/s 22, L_000001c111da01f0;
L_000001c111da0b50 .extend/s 22, v000001c111d3d2e0_0;
L_000001c111d9f6b0 .arith/mult 22, L_000001c111da1690, L_000001c111da0b50;
L_000001c111da1910 .extend/s 22, L_000001c111da0650;
L_000001c111da0bf0 .extend/s 22, v000001c111d3dd80_0;
L_000001c111da0c90 .arith/mult 22, L_000001c111da1910, L_000001c111da0bf0;
L_000001c111da0fb0 .extend/s 23, L_000001c111da06f0;
L_000001c111da15f0 .extend/s 23, L_000001c111da0ab0;
L_000001c111da1730 .arith/sub 23, L_000001c111da0fb0, L_000001c111da15f0;
L_000001c111da1190 .extend/s 23, L_000001c111d9f6b0;
L_000001c111d9f750 .extend/s 23, L_000001c111da0c90;
L_000001c111da17d0 .arith/sum 23, L_000001c111da1190, L_000001c111d9f750;
L_000001c111d9f890 .part L_000001c111da1730, 5, 18;
L_000001c111da1370 .extend/s 23, L_000001c111d9f890;
L_000001c111da12d0 .part L_000001c111da17d0, 5, 18;
L_000001c111d9f930 .extend/s 23, L_000001c111da12d0;
L_000001c111da14b0 .part L_000001c111da1370, 0, 11;
L_000001c111da1550 .part L_000001c111d9f930, 0, 11;
S_000001c111d3a7c0 .scope task, "close_case_files" "close_case_files" 4 92, 4 92 0, S_000001c111c45590;
 .timescale -9 -12;
TD_tb_fft_cases.close_case_files ;
    %load/vec4 v000001c111d43a80_0;
    %cmpi/ne 0, 0, 32;
    %jmp/0xz  T_0.0, 4;
    %vpi_call/w 4 94 "$fclose", v000001c111d43a80_0 {0 0 0};
T_0.0 ;
    %load/vec4 v000001c111d44de0_0;
    %cmpi/ne 0, 0, 32;
    %jmp/0xz  T_0.2, 4;
    %vpi_call/w 4 95 "$fclose", v000001c111d44de0_0 {0 0 0};
T_0.2 ;
    %end;
S_000001c111d3a630 .scope task, "open_case_files" "open_case_files" 4 64, 4 64 0, S_000001c111c45590;
 .timescale -9 -12;
v000001c111d44f20_0 .var/i "cid", 31 0;
TD_tb_fft_cases.open_case_files ;
    %load/vec4 v000001c111d44f20_0;
    %dup/vec4;
    %pushi/vec4 1, 0, 32;
    %cmp/u;
    %jmp/1 T_1.4, 6;
    %dup/vec4;
    %pushi/vec4 2, 0, 32;
    %cmp/u;
    %jmp/1 T_1.5, 6;
    %dup/vec4;
    %pushi/vec4 3, 0, 32;
    %cmp/u;
    %jmp/1 T_1.6, 6;
    %dup/vec4;
    %pushi/vec4 4, 0, 32;
    %cmp/u;
    %jmp/1 T_1.7, 6;
    %pushi/vec4 0, 0, 32;
    %store/vec4 v000001c111d43a80_0, 0, 32;
    %pushi/vec4 0, 0, 32;
    %store/vec4 v000001c111d44de0_0, 0, 32;
    %jmp T_1.9;
T_1.4 ;
    %vpi_func 4 69 "$fopen" 32, "input_case1.txt", "r" {0 0 0};
    %store/vec4 v000001c111d43a80_0, 0, 32;
    %vpi_func 4 70 "$fopen" 32, "output_case1.txt", "w" {0 0 0};
    %store/vec4 v000001c111d44de0_0, 0, 32;
    %jmp T_1.9;
T_1.5 ;
    %vpi_func 4 73 "$fopen" 32, "input_case2.txt", "r" {0 0 0};
    %store/vec4 v000001c111d43a80_0, 0, 32;
    %vpi_func 4 74 "$fopen" 32, "output_case2.txt", "w" {0 0 0};
    %store/vec4 v000001c111d44de0_0, 0, 32;
    %jmp T_1.9;
T_1.6 ;
    %vpi_func 4 77 "$fopen" 32, "input_case3.txt", "r" {0 0 0};
    %store/vec4 v000001c111d43a80_0, 0, 32;
    %vpi_func 4 78 "$fopen" 32, "output_case3.txt", "w" {0 0 0};
    %store/vec4 v000001c111d44de0_0, 0, 32;
    %jmp T_1.9;
T_1.7 ;
    %vpi_func 4 81 "$fopen" 32, "input_case4.txt", "r" {0 0 0};
    %store/vec4 v000001c111d43a80_0, 0, 32;
    %vpi_func 4 82 "$fopen" 32, "output_case4.txt", "w" {0 0 0};
    %store/vec4 v000001c111d44de0_0, 0, 32;
    %jmp T_1.9;
T_1.9 ;
    %pop/vec4 1;
    %end;
S_000001c111d3aae0 .scope task, "reset_dut" "reset_dut" 4 53, 4 53 0, S_000001c111c45590;
 .timescale -9 -12;
E_000001c111c78d20 .event posedge, v000001c111d32170_0;
TD_tb_fft_cases.reset_dut ;
    %pushi/vec4 1, 0, 1;
    %store/vec4 v000001c111d44520_0, 0, 1;
    %pushi/vec4 0, 0, 1;
    %store/vec4 v000001c111d44980_0, 0, 1;
    %pushi/vec4 0, 0, 8;
    %store/vec4 v000001c111d44160_0, 0, 8;
    %pushi/vec4 0, 0, 8;
    %store/vec4 v000001c111d43940_0, 0, 8;
    %pushi/vec4 4, 0, 32;
T_2.10 %dup/vec4;
    %pushi/vec4 0, 0, 32;
    %cmp/s;
    %jmp/1xz T_2.11, 5;
    %jmp/1 T_2.11, 4;
    %pushi/vec4 1, 0, 32;
    %sub;
    %wait E_000001c111c78d20;
    %jmp T_2.10;
T_2.11 ;
    %pop/vec4 1;
    %pushi/vec4 0, 0, 1;
    %store/vec4 v000001c111d44520_0, 0, 1;
    %end;
S_000001c111d3ae00 .scope task, "run_case" "run_case" 4 99, 4 99 0, S_000001c111c45590;
 .timescale -9 -12;
v000001c111d442a0_0 .var/i "cid", 31 0;
TD_tb_fft_cases.run_case ;
    %vpi_call/w 4 102 "$display", "Running case %0d", v000001c111d442a0_0 {0 0 0};
    %load/vec4 v000001c111d442a0_0;
    %store/vec4 v000001c111d44f20_0, 0, 32;
    %fork TD_tb_fft_cases.open_case_files, S_000001c111d3a630;
    %join;
    %load/vec4 v000001c111d43a80_0;
    %cmpi/e 0, 0, 32;
    %jmp/0xz  T_3.12, 4;
    %vpi_call/w 4 107 "$display", "ERROR: could not open input_case%0d.txt", v000001c111d442a0_0 {0 0 0};
    %vpi_call/w 4 108 "$finish" {0 0 0};
T_3.12 ;
    %fork TD_tb_fft_cases.reset_dut, S_000001c111d3aae0;
    %join;
    %pushi/vec4 0, 0, 32;
    %store/vec4 v000001c111d44840_0, 0, 32;
T_3.14 ;
    %load/vec4 v000001c111d44840_0;
    %cmpi/s 8, 0, 32;
    %jmp/0xz T_3.15, 5;
    %vpi_func 4 115 "$fscanf" 32, v000001c111d43a80_0, "%d %d\012", v000001c111d447a0_0, v000001c111d44700_0 {0 0 0};
    %store/vec4 v000001c111d43440_0, 0, 32;
    %wait E_000001c111c78d20;
    %pushi/vec4 1, 0, 1;
    %assign/vec4 v000001c111d44980_0, 0;
    %load/vec4 v000001c111d447a0_0;
    %pad/s 8;
    %assign/vec4 v000001c111d44160_0, 0;
    %load/vec4 v000001c111d44700_0;
    %pad/s 8;
    %assign/vec4 v000001c111d43940_0, 0;
    %load/vec4 v000001c111d44840_0;
    %addi 1, 0, 32;
    %store/vec4 v000001c111d44840_0, 0, 32;
    %jmp T_3.14;
T_3.15 ;
    %wait E_000001c111c78d20;
    %pushi/vec4 0, 0, 1;
    %assign/vec4 v000001c111d44980_0, 0;
    %pushi/vec4 0, 0, 8;
    %assign/vec4 v000001c111d44160_0, 0;
    %pushi/vec4 0, 0, 8;
    %assign/vec4 v000001c111d43940_0, 0;
    %pushi/vec4 0, 0, 32;
    %store/vec4 v000001c111d44840_0, 0, 32;
T_3.16 ;
    %load/vec4 v000001c111d44840_0;
    %cmpi/s 50, 0, 32;
    %jmp/0xz T_3.17, 5;
    %wait E_000001c111c78d20;
    %load/vec4 v000001c111d44840_0;
    %addi 1, 0, 32;
    %store/vec4 v000001c111d44840_0, 0, 32;
    %jmp T_3.16;
T_3.17 ;
    %fork TD_tb_fft_cases.close_case_files, S_000001c111d3a7c0;
    %join;
    %end;
    .scope S_000001c111c7ad40;
T_4 ;
    %wait E_000001c111c77da0;
    %pushi/vec4 0, 0, 11;
    %store/vec4 v000001c111d32030_0, 0, 11;
    %pushi/vec4 0, 0, 11;
    %store/vec4 v000001c111d31b30_0, 0, 11;
    %load/vec4 v000001c111d33dc0_0;
    %store/vec4 v000001c111d32210_0, 0, 11;
    %load/vec4 v000001c111d34540_0;
    %store/vec4 v000001c111d320d0_0, 0, 11;
    %load/vec4 v000001c111d31bd0_0;
    %pad/u 32;
    %cmpi/u 4, 0, 32;
    %flag_inv 5; GE is !LT
    %jmp/0xz  T_4.0, 5;
    %ix/getv 4, v000001c111d34860_0;
    %load/vec4a v000001c111d33fa0, 4;
    %store/vec4 v000001c111d32030_0, 0, 11;
    %ix/getv 4, v000001c111d34860_0;
    %load/vec4a v000001c111d34d60, 4;
    %store/vec4 v000001c111d31b30_0, 0, 11;
T_4.0 ;
    %jmp T_4;
    .thread T_4, $push;
    .scope S_000001c111c7ad40;
T_5 ;
    %wait E_000001c111c78ce0;
    %pushi/vec4 32, 0, 11;
    %store/vec4 v000001c111d34fe0_0, 0, 11;
    %pushi/vec4 0, 0, 11;
    %store/vec4 v000001c111d33140_0, 0, 11;
    %pushi/vec4 1, 0, 32;
    %dup/vec4;
    %pushi/vec4 1, 0, 32;
    %cmp/u;
    %jmp/1 T_5.0, 6;
    %dup/vec4;
    %pushi/vec4 2, 0, 32;
    %cmp/u;
    %jmp/1 T_5.1, 6;
    %dup/vec4;
    %pushi/vec4 3, 0, 32;
    %cmp/u;
    %jmp/1 T_5.2, 6;
    %jmp T_5.3;
T_5.0 ;
    %load/vec4 v000001c111d34860_0;
    %dup/vec4;
    %pushi/vec4 0, 0, 8;
    %cmp/u;
    %jmp/1 T_5.4, 6;
    %dup/vec4;
    %pushi/vec4 1, 0, 8;
    %cmp/u;
    %jmp/1 T_5.5, 6;
    %dup/vec4;
    %pushi/vec4 2, 0, 8;
    %cmp/u;
    %jmp/1 T_5.6, 6;
    %dup/vec4;
    %pushi/vec4 3, 0, 8;
    %cmp/u;
    %jmp/1 T_5.7, 6;
    %pushi/vec4 32, 0, 11;
    %store/vec4 v000001c111d34fe0_0, 0, 11;
    %pushi/vec4 0, 0, 11;
    %store/vec4 v000001c111d33140_0, 0, 11;
    %jmp T_5.9;
T_5.4 ;
    %pushi/vec4 32, 0, 11;
    %store/vec4 v000001c111d34fe0_0, 0, 11;
    %pushi/vec4 0, 0, 11;
    %store/vec4 v000001c111d33140_0, 0, 11;
    %jmp T_5.9;
T_5.5 ;
    %pushi/vec4 22, 0, 11;
    %store/vec4 v000001c111d34fe0_0, 0, 11;
    %pushi/vec4 2026, 0, 11;
    %store/vec4 v000001c111d33140_0, 0, 11;
    %jmp T_5.9;
T_5.6 ;
    %pushi/vec4 0, 0, 11;
    %store/vec4 v000001c111d34fe0_0, 0, 11;
    %pushi/vec4 2016, 0, 11;
    %store/vec4 v000001c111d33140_0, 0, 11;
    %jmp T_5.9;
T_5.7 ;
    %pushi/vec4 2026, 0, 11;
    %store/vec4 v000001c111d34fe0_0, 0, 11;
    %pushi/vec4 2026, 0, 11;
    %store/vec4 v000001c111d33140_0, 0, 11;
    %jmp T_5.9;
T_5.9 ;
    %pop/vec4 1;
    %jmp T_5.3;
T_5.1 ;
    %load/vec4 v000001c111d34860_0;
    %parti/s 1, 0, 2;
    %dup/vec4;
    %pushi/vec4 0, 0, 1;
    %cmp/u;
    %jmp/1 T_5.10, 6;
    %dup/vec4;
    %pushi/vec4 1, 0, 1;
    %cmp/u;
    %jmp/1 T_5.11, 6;
    %jmp T_5.12;
T_5.10 ;
    %pushi/vec4 32, 0, 11;
    %store/vec4 v000001c111d34fe0_0, 0, 11;
    %pushi/vec4 0, 0, 11;
    %store/vec4 v000001c111d33140_0, 0, 11;
    %jmp T_5.12;
T_5.11 ;
    %pushi/vec4 0, 0, 11;
    %store/vec4 v000001c111d34fe0_0, 0, 11;
    %pushi/vec4 2016, 0, 11;
    %store/vec4 v000001c111d33140_0, 0, 11;
    %jmp T_5.12;
T_5.12 ;
    %pop/vec4 1;
    %jmp T_5.3;
T_5.2 ;
    %pushi/vec4 32, 0, 11;
    %store/vec4 v000001c111d34fe0_0, 0, 11;
    %pushi/vec4 0, 0, 11;
    %store/vec4 v000001c111d33140_0, 0, 11;
    %jmp T_5.3;
T_5.3 ;
    %pop/vec4 1;
    %jmp T_5;
    .thread T_5, $push;
    .scope S_000001c111c7ad40;
T_6 ;
    %wait E_000001c111c78520;
    %load/vec4 v000001c111d34040_0;
    %flag_set/vec4 8;
    %jmp/0xz  T_6.0, 8;
    %pushi/vec4 0, 0, 8;
    %assign/vec4 v000001c111d31bd0_0, 0;
    %pushi/vec4 0, 0, 1;
    %assign/vec4 v000001c111d34ea0_0, 0;
    %pushi/vec4 0, 0, 1;
    %assign/vec4 v000001c111d336e0_0, 0;
    %pushi/vec4 0, 0, 11;
    %assign/vec4 v000001c111d344a0_0, 0;
    %pushi/vec4 0, 0, 11;
    %assign/vec4 v000001c111d342c0_0, 0;
    %pushi/vec4 0, 0, 32;
    %store/vec4 v000001c111d33780_0, 0, 32;
T_6.2 ;
    %load/vec4 v000001c111d33780_0;
    %cmpi/s 4, 0, 32;
    %jmp/0xz T_6.3, 5;
    %pushi/vec4 0, 0, 11;
    %ix/getv/s 3, v000001c111d33780_0;
    %ix/load 4, 0, 0; Constant delay
    %assign/vec4/a/d v000001c111d33fa0, 0, 4;
    %pushi/vec4 0, 0, 11;
    %ix/getv/s 3, v000001c111d33780_0;
    %ix/load 4, 0, 0; Constant delay
    %assign/vec4/a/d v000001c111d34d60, 0, 4;
    %load/vec4 v000001c111d33780_0;
    %addi 1, 0, 32;
    %store/vec4 v000001c111d33780_0, 0, 32;
    %jmp T_6.2;
T_6.3 ;
    %jmp T_6.1;
T_6.0 ;
    %pushi/vec4 0, 0, 1;
    %assign/vec4 v000001c111d336e0_0, 0;
    %pushi/vec4 0, 0, 11;
    %assign/vec4 v000001c111d344a0_0, 0;
    %pushi/vec4 0, 0, 11;
    %assign/vec4 v000001c111d342c0_0, 0;
    %load/vec4 v000001c111d31bd0_0;
    %pad/u 32;
    %cmpi/u 4, 0, 32;
    %jmp/0xz  T_6.4, 5;
    %load/vec4 v000001c111d331e0_0;
    %flag_set/vec4 8;
    %jmp/0xz  T_6.6, 8;
    %load/vec4 v000001c111d34ea0_0;
    %flag_set/vec4 8;
    %jmp/0xz  T_6.8, 8;
    %pushi/vec4 1, 0, 1;
    %assign/vec4 v000001c111d336e0_0, 0;
    %ix/getv 4, v000001c111d31bd0_0;
    %load/vec4a v000001c111d33fa0, 4;
    %assign/vec4 v000001c111d344a0_0, 0;
    %ix/getv 4, v000001c111d31bd0_0;
    %load/vec4a v000001c111d34d60, 4;
    %assign/vec4 v000001c111d342c0_0, 0;
T_6.8 ;
    %load/vec4 v000001c111d33dc0_0;
    %ix/getv 3, v000001c111d31bd0_0;
    %ix/load 4, 0, 0; Constant delay
    %assign/vec4/a/d v000001c111d33fa0, 0, 4;
    %load/vec4 v000001c111d34540_0;
    %ix/getv 3, v000001c111d31bd0_0;
    %ix/load 4, 0, 0; Constant delay
    %assign/vec4/a/d v000001c111d34d60, 0, 4;
    %load/vec4 v000001c111d31bd0_0;
    %pad/u 32;
    %cmpi/e 3, 0, 32;
    %jmp/0xz  T_6.10, 4;
    %pushi/vec4 4, 0, 8;
    %assign/vec4 v000001c111d31bd0_0, 0;
    %jmp T_6.11;
T_6.10 ;
    %load/vec4 v000001c111d31bd0_0;
    %addi 1, 0, 8;
    %assign/vec4 v000001c111d31bd0_0, 0;
T_6.11 ;
    %jmp T_6.7;
T_6.6 ;
    %load/vec4 v000001c111d34ea0_0;
    %flag_set/vec4 8;
    %jmp/0xz  T_6.12, 8;
    %pushi/vec4 1, 0, 1;
    %assign/vec4 v000001c111d336e0_0, 0;
    %ix/getv 4, v000001c111d31bd0_0;
    %load/vec4a v000001c111d33fa0, 4;
    %assign/vec4 v000001c111d344a0_0, 0;
    %ix/getv 4, v000001c111d31bd0_0;
    %load/vec4a v000001c111d34d60, 4;
    %assign/vec4 v000001c111d342c0_0, 0;
    %load/vec4 v000001c111d31bd0_0;
    %pad/u 32;
    %cmpi/e 3, 0, 32;
    %jmp/0xz  T_6.14, 4;
    %pushi/vec4 0, 0, 8;
    %assign/vec4 v000001c111d31bd0_0, 0;
    %pushi/vec4 0, 0, 1;
    %assign/vec4 v000001c111d34ea0_0, 0;
    %jmp T_6.15;
T_6.14 ;
    %load/vec4 v000001c111d31bd0_0;
    %addi 1, 0, 8;
    %assign/vec4 v000001c111d31bd0_0, 0;
T_6.15 ;
T_6.12 ;
T_6.7 ;
    %jmp T_6.5;
T_6.4 ;
    %load/vec4 v000001c111d331e0_0;
    %flag_set/vec4 8;
    %jmp/0xz  T_6.16, 8;
    %pushi/vec4 1, 0, 1;
    %assign/vec4 v000001c111d336e0_0, 0;
    %load/vec4 v000001c111d33640_0;
    %assign/vec4 v000001c111d344a0_0, 0;
    %load/vec4 v000001c111d34cc0_0;
    %assign/vec4 v000001c111d342c0_0, 0;
    %load/vec4 v000001c111d33500_0;
    %ix/getv 3, v000001c111d34860_0;
    %ix/load 4, 0, 0; Constant delay
    %assign/vec4/a/d v000001c111d33fa0, 0, 4;
    %load/vec4 v000001c111d322b0_0;
    %ix/getv 3, v000001c111d34860_0;
    %ix/load 4, 0, 0; Constant delay
    %assign/vec4/a/d v000001c111d34d60, 0, 4;
    %load/vec4 v000001c111d31bd0_0;
    %pad/u 32;
    %cmpi/e 7, 0, 32;
    %jmp/0xz  T_6.18, 4;
    %pushi/vec4 0, 0, 8;
    %assign/vec4 v000001c111d31bd0_0, 0;
    %pushi/vec4 1, 0, 1;
    %assign/vec4 v000001c111d34ea0_0, 0;
    %jmp T_6.19;
T_6.18 ;
    %load/vec4 v000001c111d31bd0_0;
    %addi 1, 0, 8;
    %assign/vec4 v000001c111d31bd0_0, 0;
T_6.19 ;
T_6.16 ;
T_6.5 ;
T_6.1 ;
    %jmp T_6;
    .thread T_6;
    .scope S_000001c111c67c60;
T_7 ;
    %wait E_000001c111c78ae0;
    %pushi/vec4 0, 0, 11;
    %store/vec4 v000001c111d381a0_0, 0, 11;
    %pushi/vec4 0, 0, 11;
    %store/vec4 v000001c111d37340_0, 0, 11;
    %load/vec4 v000001c111d386a0_0;
    %store/vec4 v000001c111d37700_0, 0, 11;
    %load/vec4 v000001c111d38380_0;
    %store/vec4 v000001c111d37480_0, 0, 11;
    %load/vec4 v000001c111d38880_0;
    %pad/u 32;
    %cmpi/u 2, 0, 32;
    %flag_inv 5; GE is !LT
    %jmp/0xz  T_7.0, 5;
    %ix/getv 4, v000001c111d387e0_0;
    %load/vec4a v000001c111d37ac0, 4;
    %store/vec4 v000001c111d381a0_0, 0, 11;
    %ix/getv 4, v000001c111d387e0_0;
    %load/vec4a v000001c111d38ba0, 4;
    %store/vec4 v000001c111d37340_0, 0, 11;
T_7.0 ;
    %jmp T_7;
    .thread T_7, $push;
    .scope S_000001c111c67c60;
T_8 ;
    %wait E_000001c111c781a0;
    %pushi/vec4 32, 0, 11;
    %store/vec4 v000001c111d382e0_0, 0, 11;
    %pushi/vec4 0, 0, 11;
    %store/vec4 v000001c111d38240_0, 0, 11;
    %pushi/vec4 2, 0, 32;
    %dup/vec4;
    %pushi/vec4 1, 0, 32;
    %cmp/u;
    %jmp/1 T_8.0, 6;
    %dup/vec4;
    %pushi/vec4 2, 0, 32;
    %cmp/u;
    %jmp/1 T_8.1, 6;
    %dup/vec4;
    %pushi/vec4 3, 0, 32;
    %cmp/u;
    %jmp/1 T_8.2, 6;
    %jmp T_8.3;
T_8.0 ;
    %load/vec4 v000001c111d387e0_0;
    %dup/vec4;
    %pushi/vec4 0, 0, 8;
    %cmp/u;
    %jmp/1 T_8.4, 6;
    %dup/vec4;
    %pushi/vec4 1, 0, 8;
    %cmp/u;
    %jmp/1 T_8.5, 6;
    %dup/vec4;
    %pushi/vec4 2, 0, 8;
    %cmp/u;
    %jmp/1 T_8.6, 6;
    %dup/vec4;
    %pushi/vec4 3, 0, 8;
    %cmp/u;
    %jmp/1 T_8.7, 6;
    %pushi/vec4 32, 0, 11;
    %store/vec4 v000001c111d382e0_0, 0, 11;
    %pushi/vec4 0, 0, 11;
    %store/vec4 v000001c111d38240_0, 0, 11;
    %jmp T_8.9;
T_8.4 ;
    %pushi/vec4 32, 0, 11;
    %store/vec4 v000001c111d382e0_0, 0, 11;
    %pushi/vec4 0, 0, 11;
    %store/vec4 v000001c111d38240_0, 0, 11;
    %jmp T_8.9;
T_8.5 ;
    %pushi/vec4 22, 0, 11;
    %store/vec4 v000001c111d382e0_0, 0, 11;
    %pushi/vec4 2026, 0, 11;
    %store/vec4 v000001c111d38240_0, 0, 11;
    %jmp T_8.9;
T_8.6 ;
    %pushi/vec4 0, 0, 11;
    %store/vec4 v000001c111d382e0_0, 0, 11;
    %pushi/vec4 2016, 0, 11;
    %store/vec4 v000001c111d38240_0, 0, 11;
    %jmp T_8.9;
T_8.7 ;
    %pushi/vec4 2026, 0, 11;
    %store/vec4 v000001c111d382e0_0, 0, 11;
    %pushi/vec4 2026, 0, 11;
    %store/vec4 v000001c111d38240_0, 0, 11;
    %jmp T_8.9;
T_8.9 ;
    %pop/vec4 1;
    %jmp T_8.3;
T_8.1 ;
    %load/vec4 v000001c111d387e0_0;
    %parti/s 1, 0, 2;
    %dup/vec4;
    %pushi/vec4 0, 0, 1;
    %cmp/u;
    %jmp/1 T_8.10, 6;
    %dup/vec4;
    %pushi/vec4 1, 0, 1;
    %cmp/u;
    %jmp/1 T_8.11, 6;
    %jmp T_8.12;
T_8.10 ;
    %pushi/vec4 32, 0, 11;
    %store/vec4 v000001c111d382e0_0, 0, 11;
    %pushi/vec4 0, 0, 11;
    %store/vec4 v000001c111d38240_0, 0, 11;
    %jmp T_8.12;
T_8.11 ;
    %pushi/vec4 0, 0, 11;
    %store/vec4 v000001c111d382e0_0, 0, 11;
    %pushi/vec4 2016, 0, 11;
    %store/vec4 v000001c111d38240_0, 0, 11;
    %jmp T_8.12;
T_8.12 ;
    %pop/vec4 1;
    %jmp T_8.3;
T_8.2 ;
    %pushi/vec4 32, 0, 11;
    %store/vec4 v000001c111d382e0_0, 0, 11;
    %pushi/vec4 0, 0, 11;
    %store/vec4 v000001c111d38240_0, 0, 11;
    %jmp T_8.3;
T_8.3 ;
    %pop/vec4 1;
    %jmp T_8;
    .thread T_8, $push;
    .scope S_000001c111c67c60;
T_9 ;
    %wait E_000001c111c78520;
    %load/vec4 v000001c111d37b60_0;
    %flag_set/vec4 8;
    %jmp/0xz  T_9.0, 8;
    %pushi/vec4 0, 0, 8;
    %assign/vec4 v000001c111d38880_0, 0;
    %pushi/vec4 0, 0, 1;
    %assign/vec4 v000001c111d37160_0, 0;
    %pushi/vec4 0, 0, 1;
    %assign/vec4 v000001c111d38f60_0, 0;
    %pushi/vec4 0, 0, 11;
    %assign/vec4 v000001c111d38740_0, 0;
    %pushi/vec4 0, 0, 11;
    %assign/vec4 v000001c111d38600_0, 0;
    %pushi/vec4 0, 0, 32;
    %store/vec4 v000001c111d37a20_0, 0, 32;
T_9.2 ;
    %load/vec4 v000001c111d37a20_0;
    %cmpi/s 2, 0, 32;
    %jmp/0xz T_9.3, 5;
    %pushi/vec4 0, 0, 11;
    %ix/getv/s 3, v000001c111d37a20_0;
    %ix/load 4, 0, 0; Constant delay
    %assign/vec4/a/d v000001c111d37ac0, 0, 4;
    %pushi/vec4 0, 0, 11;
    %ix/getv/s 3, v000001c111d37a20_0;
    %ix/load 4, 0, 0; Constant delay
    %assign/vec4/a/d v000001c111d38ba0, 0, 4;
    %load/vec4 v000001c111d37a20_0;
    %addi 1, 0, 32;
    %store/vec4 v000001c111d37a20_0, 0, 32;
    %jmp T_9.2;
T_9.3 ;
    %jmp T_9.1;
T_9.0 ;
    %pushi/vec4 0, 0, 1;
    %assign/vec4 v000001c111d38f60_0, 0;
    %pushi/vec4 0, 0, 11;
    %assign/vec4 v000001c111d38740_0, 0;
    %pushi/vec4 0, 0, 11;
    %assign/vec4 v000001c111d38600_0, 0;
    %load/vec4 v000001c111d38880_0;
    %pad/u 32;
    %cmpi/u 2, 0, 32;
    %jmp/0xz  T_9.4, 5;
    %load/vec4 v000001c111d37d40_0;
    %flag_set/vec4 8;
    %jmp/0xz  T_9.6, 8;
    %load/vec4 v000001c111d37160_0;
    %flag_set/vec4 8;
    %jmp/0xz  T_9.8, 8;
    %pushi/vec4 1, 0, 1;
    %assign/vec4 v000001c111d38f60_0, 0;
    %ix/getv 4, v000001c111d38880_0;
    %load/vec4a v000001c111d37ac0, 4;
    %assign/vec4 v000001c111d38740_0, 0;
    %ix/getv 4, v000001c111d38880_0;
    %load/vec4a v000001c111d38ba0, 4;
    %assign/vec4 v000001c111d38600_0, 0;
T_9.8 ;
    %load/vec4 v000001c111d386a0_0;
    %ix/getv 3, v000001c111d38880_0;
    %ix/load 4, 0, 0; Constant delay
    %assign/vec4/a/d v000001c111d37ac0, 0, 4;
    %load/vec4 v000001c111d38380_0;
    %ix/getv 3, v000001c111d38880_0;
    %ix/load 4, 0, 0; Constant delay
    %assign/vec4/a/d v000001c111d38ba0, 0, 4;
    %load/vec4 v000001c111d38880_0;
    %pad/u 32;
    %cmpi/e 1, 0, 32;
    %jmp/0xz  T_9.10, 4;
    %pushi/vec4 2, 0, 8;
    %assign/vec4 v000001c111d38880_0, 0;
    %jmp T_9.11;
T_9.10 ;
    %load/vec4 v000001c111d38880_0;
    %addi 1, 0, 8;
    %assign/vec4 v000001c111d38880_0, 0;
T_9.11 ;
    %jmp T_9.7;
T_9.6 ;
    %load/vec4 v000001c111d37160_0;
    %flag_set/vec4 8;
    %jmp/0xz  T_9.12, 8;
    %pushi/vec4 1, 0, 1;
    %assign/vec4 v000001c111d38f60_0, 0;
    %ix/getv 4, v000001c111d38880_0;
    %load/vec4a v000001c111d37ac0, 4;
    %assign/vec4 v000001c111d38740_0, 0;
    %ix/getv 4, v000001c111d38880_0;
    %load/vec4a v000001c111d38ba0, 4;
    %assign/vec4 v000001c111d38600_0, 0;
    %load/vec4 v000001c111d38880_0;
    %pad/u 32;
    %cmpi/e 1, 0, 32;
    %jmp/0xz  T_9.14, 4;
    %pushi/vec4 0, 0, 8;
    %assign/vec4 v000001c111d38880_0, 0;
    %pushi/vec4 0, 0, 1;
    %assign/vec4 v000001c111d37160_0, 0;
    %jmp T_9.15;
T_9.14 ;
    %load/vec4 v000001c111d38880_0;
    %addi 1, 0, 8;
    %assign/vec4 v000001c111d38880_0, 0;
T_9.15 ;
T_9.12 ;
T_9.7 ;
    %jmp T_9.5;
T_9.4 ;
    %load/vec4 v000001c111d37d40_0;
    %flag_set/vec4 8;
    %jmp/0xz  T_9.16, 8;
    %pushi/vec4 1, 0, 1;
    %assign/vec4 v000001c111d38f60_0, 0;
    %load/vec4 v000001c111d37c00_0;
    %assign/vec4 v000001c111d38740_0, 0;
    %load/vec4 v000001c111d37200_0;
    %assign/vec4 v000001c111d38600_0, 0;
    %load/vec4 v000001c111d38920_0;
    %ix/getv 3, v000001c111d387e0_0;
    %ix/load 4, 0, 0; Constant delay
    %assign/vec4/a/d v000001c111d37ac0, 0, 4;
    %load/vec4 v000001c111d38ec0_0;
    %ix/getv 3, v000001c111d387e0_0;
    %ix/load 4, 0, 0; Constant delay
    %assign/vec4/a/d v000001c111d38ba0, 0, 4;
    %load/vec4 v000001c111d38880_0;
    %pad/u 32;
    %cmpi/e 3, 0, 32;
    %jmp/0xz  T_9.18, 4;
    %pushi/vec4 0, 0, 8;
    %assign/vec4 v000001c111d38880_0, 0;
    %pushi/vec4 1, 0, 1;
    %assign/vec4 v000001c111d37160_0, 0;
    %jmp T_9.19;
T_9.18 ;
    %load/vec4 v000001c111d38880_0;
    %addi 1, 0, 8;
    %assign/vec4 v000001c111d38880_0, 0;
T_9.19 ;
T_9.16 ;
T_9.5 ;
T_9.1 ;
    %jmp T_9;
    .thread T_9;
    .scope S_000001c111c02d00;
T_10 ;
    %wait E_000001c111c78320;
    %pushi/vec4 0, 0, 11;
    %store/vec4 v000001c111d3eb40_0, 0, 11;
    %pushi/vec4 0, 0, 11;
    %store/vec4 v000001c111d3d740_0, 0, 11;
    %load/vec4 v000001c111d3ebe0_0;
    %store/vec4 v000001c111d3d4c0_0, 0, 11;
    %load/vec4 v000001c111d3d920_0;
    %store/vec4 v000001c111d3edc0_0, 0, 11;
    %load/vec4 v000001c111d3e3c0_0;
    %pad/u 32;
    %cmpi/u 1, 0, 32;
    %flag_inv 5; GE is !LT
    %jmp/0xz  T_10.0, 5;
    %ix/getv 4, v000001c111d3ed20_0;
    %load/vec4a v000001c111d3d600, 4;
    %store/vec4 v000001c111d3eb40_0, 0, 11;
    %ix/getv 4, v000001c111d3ed20_0;
    %load/vec4a v000001c111d3d380, 4;
    %store/vec4 v000001c111d3d740_0, 0, 11;
T_10.0 ;
    %jmp T_10;
    .thread T_10, $push;
    .scope S_000001c111c02d00;
T_11 ;
    %wait E_000001c111c78b60;
    %pushi/vec4 32, 0, 11;
    %store/vec4 v000001c111d3dd80_0, 0, 11;
    %pushi/vec4 0, 0, 11;
    %store/vec4 v000001c111d3d2e0_0, 0, 11;
    %pushi/vec4 3, 0, 32;
    %dup/vec4;
    %pushi/vec4 1, 0, 32;
    %cmp/u;
    %jmp/1 T_11.0, 6;
    %dup/vec4;
    %pushi/vec4 2, 0, 32;
    %cmp/u;
    %jmp/1 T_11.1, 6;
    %dup/vec4;
    %pushi/vec4 3, 0, 32;
    %cmp/u;
    %jmp/1 T_11.2, 6;
    %jmp T_11.3;
T_11.0 ;
    %load/vec4 v000001c111d3ed20_0;
    %dup/vec4;
    %pushi/vec4 0, 0, 8;
    %cmp/u;
    %jmp/1 T_11.4, 6;
    %dup/vec4;
    %pushi/vec4 1, 0, 8;
    %cmp/u;
    %jmp/1 T_11.5, 6;
    %dup/vec4;
    %pushi/vec4 2, 0, 8;
    %cmp/u;
    %jmp/1 T_11.6, 6;
    %dup/vec4;
    %pushi/vec4 3, 0, 8;
    %cmp/u;
    %jmp/1 T_11.7, 6;
    %pushi/vec4 32, 0, 11;
    %store/vec4 v000001c111d3dd80_0, 0, 11;
    %pushi/vec4 0, 0, 11;
    %store/vec4 v000001c111d3d2e0_0, 0, 11;
    %jmp T_11.9;
T_11.4 ;
    %pushi/vec4 32, 0, 11;
    %store/vec4 v000001c111d3dd80_0, 0, 11;
    %pushi/vec4 0, 0, 11;
    %store/vec4 v000001c111d3d2e0_0, 0, 11;
    %jmp T_11.9;
T_11.5 ;
    %pushi/vec4 22, 0, 11;
    %store/vec4 v000001c111d3dd80_0, 0, 11;
    %pushi/vec4 2026, 0, 11;
    %store/vec4 v000001c111d3d2e0_0, 0, 11;
    %jmp T_11.9;
T_11.6 ;
    %pushi/vec4 0, 0, 11;
    %store/vec4 v000001c111d3dd80_0, 0, 11;
    %pushi/vec4 2016, 0, 11;
    %store/vec4 v000001c111d3d2e0_0, 0, 11;
    %jmp T_11.9;
T_11.7 ;
    %pushi/vec4 2026, 0, 11;
    %store/vec4 v000001c111d3dd80_0, 0, 11;
    %pushi/vec4 2026, 0, 11;
    %store/vec4 v000001c111d3d2e0_0, 0, 11;
    %jmp T_11.9;
T_11.9 ;
    %pop/vec4 1;
    %jmp T_11.3;
T_11.1 ;
    %load/vec4 v000001c111d3ed20_0;
    %parti/s 1, 0, 2;
    %dup/vec4;
    %pushi/vec4 0, 0, 1;
    %cmp/u;
    %jmp/1 T_11.10, 6;
    %dup/vec4;
    %pushi/vec4 1, 0, 1;
    %cmp/u;
    %jmp/1 T_11.11, 6;
    %jmp T_11.12;
T_11.10 ;
    %pushi/vec4 32, 0, 11;
    %store/vec4 v000001c111d3dd80_0, 0, 11;
    %pushi/vec4 0, 0, 11;
    %store/vec4 v000001c111d3d2e0_0, 0, 11;
    %jmp T_11.12;
T_11.11 ;
    %pushi/vec4 0, 0, 11;
    %store/vec4 v000001c111d3dd80_0, 0, 11;
    %pushi/vec4 2016, 0, 11;
    %store/vec4 v000001c111d3d2e0_0, 0, 11;
    %jmp T_11.12;
T_11.12 ;
    %pop/vec4 1;
    %jmp T_11.3;
T_11.2 ;
    %pushi/vec4 32, 0, 11;
    %store/vec4 v000001c111d3dd80_0, 0, 11;
    %pushi/vec4 0, 0, 11;
    %store/vec4 v000001c111d3d2e0_0, 0, 11;
    %jmp T_11.3;
T_11.3 ;
    %pop/vec4 1;
    %jmp T_11;
    .thread T_11, $push;
    .scope S_000001c111c02d00;
T_12 ;
    %wait E_000001c111c78520;
    %load/vec4 v000001c111d3d560_0;
    %flag_set/vec4 8;
    %jmp/0xz  T_12.0, 8;
    %pushi/vec4 0, 0, 8;
    %assign/vec4 v000001c111d3e3c0_0, 0;
    %pushi/vec4 0, 0, 1;
    %assign/vec4 v000001c111d3d7e0_0, 0;
    %pushi/vec4 0, 0, 1;
    %assign/vec4 v000001c111d3db00_0, 0;
    %pushi/vec4 0, 0, 11;
    %assign/vec4 v000001c111d3ee60_0, 0;
    %pushi/vec4 0, 0, 11;
    %assign/vec4 v000001c111d3eaa0_0, 0;
    %pushi/vec4 0, 0, 32;
    %store/vec4 v000001c111d3d420_0, 0, 32;
T_12.2 ;
    %load/vec4 v000001c111d3d420_0;
    %cmpi/s 1, 0, 32;
    %jmp/0xz T_12.3, 5;
    %pushi/vec4 0, 0, 11;
    %ix/getv/s 3, v000001c111d3d420_0;
    %ix/load 4, 0, 0; Constant delay
    %assign/vec4/a/d v000001c111d3d600, 0, 4;
    %pushi/vec4 0, 0, 11;
    %ix/getv/s 3, v000001c111d3d420_0;
    %ix/load 4, 0, 0; Constant delay
    %assign/vec4/a/d v000001c111d3d380, 0, 4;
    %load/vec4 v000001c111d3d420_0;
    %addi 1, 0, 32;
    %store/vec4 v000001c111d3d420_0, 0, 32;
    %jmp T_12.2;
T_12.3 ;
    %jmp T_12.1;
T_12.0 ;
    %pushi/vec4 0, 0, 1;
    %assign/vec4 v000001c111d3db00_0, 0;
    %pushi/vec4 0, 0, 11;
    %assign/vec4 v000001c111d3ee60_0, 0;
    %pushi/vec4 0, 0, 11;
    %assign/vec4 v000001c111d3eaa0_0, 0;
    %load/vec4 v000001c111d3e3c0_0;
    %pad/u 32;
    %cmpi/u 1, 0, 32;
    %jmp/0xz  T_12.4, 5;
    %load/vec4 v000001c111d3dce0_0;
    %flag_set/vec4 8;
    %jmp/0xz  T_12.6, 8;
    %load/vec4 v000001c111d3d7e0_0;
    %flag_set/vec4 8;
    %jmp/0xz  T_12.8, 8;
    %pushi/vec4 1, 0, 1;
    %assign/vec4 v000001c111d3db00_0, 0;
    %ix/getv 4, v000001c111d3e3c0_0;
    %load/vec4a v000001c111d3d600, 4;
    %assign/vec4 v000001c111d3ee60_0, 0;
    %ix/getv 4, v000001c111d3e3c0_0;
    %load/vec4a v000001c111d3d380, 4;
    %assign/vec4 v000001c111d3eaa0_0, 0;
T_12.8 ;
    %load/vec4 v000001c111d3ebe0_0;
    %ix/getv 3, v000001c111d3e3c0_0;
    %ix/load 4, 0, 0; Constant delay
    %assign/vec4/a/d v000001c111d3d600, 0, 4;
    %load/vec4 v000001c111d3d920_0;
    %ix/getv 3, v000001c111d3e3c0_0;
    %ix/load 4, 0, 0; Constant delay
    %assign/vec4/a/d v000001c111d3d380, 0, 4;
    %load/vec4 v000001c111d3e3c0_0;
    %pad/u 32;
    %cmpi/e 0, 0, 32;
    %jmp/0xz  T_12.10, 4;
    %pushi/vec4 1, 0, 8;
    %assign/vec4 v000001c111d3e3c0_0, 0;
    %jmp T_12.11;
T_12.10 ;
    %load/vec4 v000001c111d3e3c0_0;
    %addi 1, 0, 8;
    %assign/vec4 v000001c111d3e3c0_0, 0;
T_12.11 ;
    %jmp T_12.7;
T_12.6 ;
    %load/vec4 v000001c111d3d7e0_0;
    %flag_set/vec4 8;
    %jmp/0xz  T_12.12, 8;
    %pushi/vec4 1, 0, 1;
    %assign/vec4 v000001c111d3db00_0, 0;
    %ix/getv 4, v000001c111d3e3c0_0;
    %load/vec4a v000001c111d3d600, 4;
    %assign/vec4 v000001c111d3ee60_0, 0;
    %ix/getv 4, v000001c111d3e3c0_0;
    %load/vec4a v000001c111d3d380, 4;
    %assign/vec4 v000001c111d3eaa0_0, 0;
    %load/vec4 v000001c111d3e3c0_0;
    %pad/u 32;
    %cmpi/e 0, 0, 32;
    %jmp/0xz  T_12.14, 4;
    %pushi/vec4 0, 0, 8;
    %assign/vec4 v000001c111d3e3c0_0, 0;
    %pushi/vec4 0, 0, 1;
    %assign/vec4 v000001c111d3d7e0_0, 0;
    %jmp T_12.15;
T_12.14 ;
    %load/vec4 v000001c111d3e3c0_0;
    %addi 1, 0, 8;
    %assign/vec4 v000001c111d3e3c0_0, 0;
T_12.15 ;
T_12.12 ;
T_12.7 ;
    %jmp T_12.5;
T_12.4 ;
    %load/vec4 v000001c111d3dce0_0;
    %flag_set/vec4 8;
    %jmp/0xz  T_12.16, 8;
    %pushi/vec4 1, 0, 1;
    %assign/vec4 v000001c111d3db00_0, 0;
    %load/vec4 v000001c111d3e320_0;
    %assign/vec4 v000001c111d3ee60_0, 0;
    %load/vec4 v000001c111d3d880_0;
    %assign/vec4 v000001c111d3eaa0_0, 0;
    %load/vec4 v000001c111d3e960_0;
    %ix/getv 3, v000001c111d3ed20_0;
    %ix/load 4, 0, 0; Constant delay
    %assign/vec4/a/d v000001c111d3d600, 0, 4;
    %load/vec4 v000001c111d3ea00_0;
    %ix/getv 3, v000001c111d3ed20_0;
    %ix/load 4, 0, 0; Constant delay
    %assign/vec4/a/d v000001c111d3d380, 0, 4;
    %load/vec4 v000001c111d3e3c0_0;
    %pad/u 32;
    %cmpi/e 1, 0, 32;
    %jmp/0xz  T_12.18, 4;
    %pushi/vec4 0, 0, 8;
    %assign/vec4 v000001c111d3e3c0_0, 0;
    %pushi/vec4 1, 0, 1;
    %assign/vec4 v000001c111d3d7e0_0, 0;
    %jmp T_12.19;
T_12.18 ;
    %load/vec4 v000001c111d3e3c0_0;
    %addi 1, 0, 8;
    %assign/vec4 v000001c111d3e3c0_0, 0;
T_12.19 ;
T_12.16 ;
T_12.5 ;
T_12.1 ;
    %jmp T_12;
    .thread T_12;
    .scope S_000001c111c45590;
T_13 ;
    %pushi/vec4 0, 0, 1;
    %store/vec4 v000001c111d44d40_0, 0, 1;
T_13.0 ;
    %delay 5000, 0;
    %load/vec4 v000001c111d44d40_0;
    %inv;
    %store/vec4 v000001c111d44d40_0, 0, 1;
    %jmp T_13.0;
    %end;
    .thread T_13;
    .scope S_000001c111c45590;
T_14 ;
    %pushi/vec4 0, 0, 1;
    %store/vec4 v000001c111d44520_0, 0, 1;
    %pushi/vec4 0, 0, 1;
    %store/vec4 v000001c111d44980_0, 0, 1;
    %pushi/vec4 0, 0, 8;
    %store/vec4 v000001c111d44160_0, 0, 8;
    %pushi/vec4 0, 0, 8;
    %store/vec4 v000001c111d43940_0, 0, 8;
    %pushi/vec4 1, 0, 32;
    %store/vec4 v000001c111d442a0_0, 0, 32;
    %fork TD_tb_fft_cases.run_case, S_000001c111d3ae00;
    %join;
    %pushi/vec4 2, 0, 32;
    %store/vec4 v000001c111d442a0_0, 0, 32;
    %fork TD_tb_fft_cases.run_case, S_000001c111d3ae00;
    %join;
    %pushi/vec4 3, 0, 32;
    %store/vec4 v000001c111d442a0_0, 0, 32;
    %fork TD_tb_fft_cases.run_case, S_000001c111d3ae00;
    %join;
    %pushi/vec4 4, 0, 32;
    %store/vec4 v000001c111d442a0_0, 0, 32;
    %fork TD_tb_fft_cases.run_case, S_000001c111d3ae00;
    %join;
    %vpi_call/w 4 148 "$display", "All cases done." {0 0 0};
    %vpi_call/w 4 149 "$finish" {0 0 0};
    %end;
    .thread T_14;
    .scope S_000001c111c45590;
T_15 ;
    %wait E_000001c111c78d20;
    %load/vec4 v000001c111d440c0_0;
    %flag_set/vec4 9;
    %flag_get/vec4 9;
    %jmp/0 T_15.2, 9;
    %load/vec4 v000001c111d44de0_0;
    %pushi/vec4 0, 0, 32;
    %cmp/ne;
    %flag_get/vec4 4;
    %and;
T_15.2;
    %flag_set/vec4 8;
    %jmp/0xz  T_15.0, 8;
    %vpi_call/w 4 154 "$fwrite", v000001c111d44de0_0, "%0d %0d\012", v000001c111d43f80_0, v000001c111d439e0_0 {0 0 0};
T_15.0 ;
    %jmp T_15;
    .thread T_15;
# The file index is used to find the file name in the following table.
:file_names 7;
    "N/A";
    "<interactive>";
    "-";
    "complexArthmatic.v";
    "fft_tb.v";
    "fft.v";
    "butterfly.v";
