#! /c/Source/iverilog-install/bin/vvp
:ivl_version "12.0 (devel)" "(s20150603-1539-g2693dd32b)";
:ivl_delay_selection "TYPICAL";
:vpi_time_precision - 12;
:vpi_module "C:\iverilog\lib\ivl\system.vpi";
:vpi_module "C:\iverilog\lib\ivl\vhdl_sys.vpi";
:vpi_module "C:\iverilog\lib\ivl\vhdl_textio.vpi";
:vpi_module "C:\iverilog\lib\ivl\v2005_math.vpi";
:vpi_module "C:\iverilog\lib\ivl\va_math.vpi";
:vpi_module "C:\iverilog\lib\ivl\v2009.vpi";
S_0000013df404d4c0 .scope package, "$unit" "$unit" 2 1;
 .timescale 0 0;
S_0000013df4049530 .scope module, "tb_optimized_fir" "tb_optimized_fir" 3 3;
 .timescale -9 -12;
P_0000013df4014810 .param/l "NSAMP" 0 3 9, +C4<00000000000000000000000111110101>;
P_0000013df4014848 .param/l "W" 0 3 8, +C4<0000000000000000000000000000010001>;
P_0000013df4014880 .param/l "WAIT_CYCLES" 0 3 10, +C4<000000000000000000000000000110100>;
P_0000013df40148b8 .param/l "a" 0 3 5, +C4<00000000000000000000000000000010>;
P_0000013df40148f0 .param/l "b" 0 3 6, +C4<00000000000000000000000000001110>;
P_0000013df4014928 .param/l "taps" 0 3 7, +C4<00000000000000000000000001100100>;
v0000013df404ab80_0 .var "clk", 0 0;
v0000013df404acc0_0 .var/i "code", 31 0;
v0000013df404aea0_0 .var/i "fout", 31 0;
v0000013df404ae00_0 .var/i "fsig", 31 0;
v0000013df404b080_0 .var/i "i", 31 0;
v0000013df404a400_0 .var/i "idx", 31 0;
v0000013df404a7c0_0 .var/i "j", 31 0;
v0000013df404a4a0_0 .var "rst", 0 0;
v0000013df40a29e0 .array/s "sig_mem", 500 0, 16 0;
v0000013df40a2760_0 .var/i "temp", 31 0;
v0000013df40a2940_0 .var/s "x", 16 0;
v0000013df40a2a80_0 .net/s "y", 16 0, v0000013df404a680_0;  1 drivers
E_0000013df40463d0 .event posedge, v0000013df404a860_0;
E_0000013df4046610 .event negedge, v0000013df404a860_0;
S_0000013df4027760 .scope module, "DUT" "optimized" 3 26, 4 1 0, S_0000013df4049530;
 .timescale -9 -12;
    .port_info 0 /INPUT 1 "clk";
    .port_info 1 /INPUT 1 "rst";
    .port_info 2 /INPUT 17 "x";
    .port_info 3 /OUTPUT 17 "y";
P_0000013df40278f0 .param/l "ACC_W" 1 4 16, +C4<00000000000000000000000000101010>;
P_0000013df4027928 .param/l "CW" 1 4 13, +C4<00000000000000000000000000010000>;
P_0000013df4027960 .param/l "PAIR_W" 1 4 14, +C4<00000000000000000000000000000010010>;
P_0000013df4027998 .param/l "PROD_W" 1 4 15, +C4<000000000000000000000000000000100010>;
P_0000013df40279d0 .param/l "W" 1 4 12, +C4<0000000000000000000000000000010001>;
P_0000013df4027a08 .param/l "a" 0 4 2, +C4<00000000000000000000000000000010>;
P_0000013df4027a40 .param/l "b" 0 4 3, +C4<00000000000000000000000000001110>;
P_0000013df4027a78 .param/l "taps" 0 4 4, +C4<00000000000000000000000001100100>;
v0000013df404aae0_0 .var/s "acc", 41 0;
v0000013df404a860_0 .net "clk", 0 0, v0000013df404ab80_0;  1 drivers
v0000013df404a900_0 .var/s "final_shifted", 41 0;
v0000013df404ac20_0 .var/s "final_sum", 41 0;
v0000013df404aa40 .array/s "h", 49 0, 15 0;
v0000013df404a360_0 .var/i "i", 31 0;
v0000013df404af40_0 .var/i "k", 31 0;
v0000013df404a720_0 .var/s "max_out", 16 0;
v0000013df404b1c0_0 .var/s "min_out", 16 0;
v0000013df404ad60_0 .var/s "pair", 17 0;
v0000013df404afe0_0 .var/s "prod", 33 0;
v0000013df404b120_0 .net "rst", 0 0, v0000013df404a4a0_0;  1 drivers
v0000013df404a2c0_0 .net/s "x", 16 0, v0000013df40a2940_0;  1 drivers
v0000013df404a5e0 .array/s "x_reg", 99 0, 16 0;
v0000013df404a680_0 .var/s "y", 16 0;
E_0000013df4046d50 .event posedge, v0000013df404b120_0, v0000013df404a860_0;
    .scope S_0000013df4027760;
T_0 ;
    %wait E_0000013df4046d50;
    %load/vec4 v0000013df404b120_0;
    %flag_set/vec4 8;
    %jmp/0xz  T_0.0, 8;
    %pushi/vec4 65533, 0, 16;
    %ix/load 3, 0, 0;
    %flag_set/imm 4, 0;
    %ix/load 4, 0, 0; Constant delay
    %assign/vec4/a/d v0000013df404aa40, 0, 4;
    %pushi/vec4 65529, 0, 16;
    %ix/load 3, 1, 0;
    %flag_set/imm 4, 0;
    %ix/load 4, 0, 0; Constant delay
    %assign/vec4/a/d v0000013df404aa40, 0, 4;
    %pushi/vec4 65527, 0, 16;
    %ix/load 3, 2, 0;
    %flag_set/imm 4, 0;
    %ix/load 4, 0, 0; Constant delay
    %assign/vec4/a/d v0000013df404aa40, 0, 4;
    %pushi/vec4 65528, 0, 16;
    %ix/load 3, 3, 0;
    %flag_set/imm 4, 0;
    %ix/load 4, 0, 0; Constant delay
    %assign/vec4/a/d v0000013df404aa40, 0, 4;
    %pushi/vec4 65533, 0, 16;
    %ix/load 3, 4, 0;
    %flag_set/imm 4, 0;
    %ix/load 4, 0, 0; Constant delay
    %assign/vec4/a/d v0000013df404aa40, 0, 4;
    %pushi/vec4 4, 0, 16;
    %ix/load 3, 5, 0;
    %flag_set/imm 4, 0;
    %ix/load 4, 0, 0; Constant delay
    %assign/vec4/a/d v0000013df404aa40, 0, 4;
    %pushi/vec4 11, 0, 16;
    %ix/load 3, 6, 0;
    %flag_set/imm 4, 0;
    %ix/load 4, 0, 0; Constant delay
    %assign/vec4/a/d v0000013df404aa40, 0, 4;
    %pushi/vec4 15, 0, 16;
    %ix/load 3, 7, 0;
    %flag_set/imm 4, 0;
    %ix/load 4, 0, 0; Constant delay
    %assign/vec4/a/d v0000013df404aa40, 0, 4;
    %pushi/vec4 14, 0, 16;
    %ix/load 3, 8, 0;
    %flag_set/imm 4, 0;
    %ix/load 4, 0, 0; Constant delay
    %assign/vec4/a/d v0000013df404aa40, 0, 4;
    %pushi/vec4 6, 0, 16;
    %ix/load 3, 9, 0;
    %flag_set/imm 4, 0;
    %ix/load 4, 0, 0; Constant delay
    %assign/vec4/a/d v0000013df404aa40, 0, 4;
    %pushi/vec4 65529, 0, 16;
    %ix/load 3, 10, 0;
    %flag_set/imm 4, 0;
    %ix/load 4, 0, 0; Constant delay
    %assign/vec4/a/d v0000013df404aa40, 0, 4;
    %pushi/vec4 65515, 0, 16;
    %ix/load 3, 11, 0;
    %flag_set/imm 4, 0;
    %ix/load 4, 0, 0; Constant delay
    %assign/vec4/a/d v0000013df404aa40, 0, 4;
    %pushi/vec4 65507, 0, 16;
    %ix/load 3, 12, 0;
    %flag_set/imm 4, 0;
    %ix/load 4, 0, 0; Constant delay
    %assign/vec4/a/d v0000013df404aa40, 0, 4;
    %pushi/vec4 65510, 0, 16;
    %ix/load 3, 13, 0;
    %flag_set/imm 4, 0;
    %ix/load 4, 0, 0; Constant delay
    %assign/vec4/a/d v0000013df404aa40, 0, 4;
    %pushi/vec4 65525, 0, 16;
    %ix/load 3, 14, 0;
    %flag_set/imm 4, 0;
    %ix/load 4, 0, 0; Constant delay
    %assign/vec4/a/d v0000013df404aa40, 0, 4;
    %pushi/vec4 13, 0, 16;
    %ix/load 3, 15, 0;
    %flag_set/imm 4, 0;
    %ix/load 4, 0, 0; Constant delay
    %assign/vec4/a/d v0000013df404aa40, 0, 4;
    %pushi/vec4 38, 0, 16;
    %ix/load 3, 16, 0;
    %flag_set/imm 4, 0;
    %ix/load 4, 0, 0; Constant delay
    %assign/vec4/a/d v0000013df404aa40, 0, 4;
    %pushi/vec4 52, 0, 16;
    %ix/load 3, 17, 0;
    %flag_set/imm 4, 0;
    %ix/load 4, 0, 0; Constant delay
    %assign/vec4/a/d v0000013df404aa40, 0, 4;
    %pushi/vec4 47, 0, 16;
    %ix/load 3, 18, 0;
    %flag_set/imm 4, 0;
    %ix/load 4, 0, 0; Constant delay
    %assign/vec4/a/d v0000013df404aa40, 0, 4;
    %pushi/vec4 20, 0, 16;
    %ix/load 3, 19, 0;
    %flag_set/imm 4, 0;
    %ix/load 4, 0, 0; Constant delay
    %assign/vec4/a/d v0000013df404aa40, 0, 4;
    %pushi/vec4 65514, 0, 16;
    %ix/load 3, 20, 0;
    %flag_set/imm 4, 0;
    %ix/load 4, 0, 0; Constant delay
    %assign/vec4/a/d v0000013df404aa40, 0, 4;
    %pushi/vec4 65472, 0, 16;
    %ix/load 3, 21, 0;
    %flag_set/imm 4, 0;
    %ix/load 4, 0, 0; Constant delay
    %assign/vec4/a/d v0000013df404aa40, 0, 4;
    %pushi/vec4 65449, 0, 16;
    %ix/load 3, 22, 0;
    %flag_set/imm 4, 0;
    %ix/load 4, 0, 0; Constant delay
    %assign/vec4/a/d v0000013df404aa40, 0, 4;
    %pushi/vec4 65458, 0, 16;
    %ix/load 3, 23, 0;
    %flag_set/imm 4, 0;
    %ix/load 4, 0, 0; Constant delay
    %assign/vec4/a/d v0000013df404aa40, 0, 4;
    %pushi/vec4 65503, 0, 16;
    %ix/load 3, 24, 0;
    %flag_set/imm 4, 0;
    %ix/load 4, 0, 0; Constant delay
    %assign/vec4/a/d v0000013df404aa40, 0, 4;
    %pushi/vec4 36, 0, 16;
    %ix/load 3, 25, 0;
    %flag_set/imm 4, 0;
    %ix/load 4, 0, 0; Constant delay
    %assign/vec4/a/d v0000013df404aa40, 0, 4;
    %pushi/vec4 104, 0, 16;
    %ix/load 3, 26, 0;
    %flag_set/imm 4, 0;
    %ix/load 4, 0, 0; Constant delay
    %assign/vec4/a/d v0000013df404aa40, 0, 4;
    %pushi/vec4 141, 0, 16;
    %ix/load 3, 27, 0;
    %flag_set/imm 4, 0;
    %ix/load 4, 0, 0; Constant delay
    %assign/vec4/a/d v0000013df404aa40, 0, 4;
    %pushi/vec4 125, 0, 16;
    %ix/load 3, 28, 0;
    %flag_set/imm 4, 0;
    %ix/load 4, 0, 0; Constant delay
    %assign/vec4/a/d v0000013df404aa40, 0, 4;
    %pushi/vec4 52, 0, 16;
    %ix/load 3, 29, 0;
    %flag_set/imm 4, 0;
    %ix/load 4, 0, 0; Constant delay
    %assign/vec4/a/d v0000013df404aa40, 0, 4;
    %pushi/vec4 65479, 0, 16;
    %ix/load 3, 30, 0;
    %flag_set/imm 4, 0;
    %ix/load 4, 0, 0; Constant delay
    %assign/vec4/a/d v0000013df404aa40, 0, 4;
    %pushi/vec4 65372, 0, 16;
    %ix/load 3, 31, 0;
    %flag_set/imm 4, 0;
    %ix/load 4, 0, 0; Constant delay
    %assign/vec4/a/d v0000013df404aa40, 0, 4;
    %pushi/vec4 65314, 0, 16;
    %ix/load 3, 32, 0;
    %flag_set/imm 4, 0;
    %ix/load 4, 0, 0; Constant delay
    %assign/vec4/a/d v0000013df404aa40, 0, 4;
    %pushi/vec4 65339, 0, 16;
    %ix/load 3, 33, 0;
    %flag_set/imm 4, 0;
    %ix/load 4, 0, 0; Constant delay
    %assign/vec4/a/d v0000013df404aa40, 0, 4;
    %pushi/vec4 65453, 0, 16;
    %ix/load 3, 34, 0;
    %flag_set/imm 4, 0;
    %ix/load 4, 0, 0; Constant delay
    %assign/vec4/a/d v0000013df404aa40, 0, 4;
    %pushi/vec4 91, 0, 16;
    %ix/load 3, 35, 0;
    %flag_set/imm 4, 0;
    %ix/load 4, 0, 0; Constant delay
    %assign/vec4/a/d v0000013df404aa40, 0, 4;
    %pushi/vec4 263, 0, 16;
    %ix/load 3, 36, 0;
    %flag_set/imm 4, 0;
    %ix/load 4, 0, 0; Constant delay
    %assign/vec4/a/d v0000013df404aa40, 0, 4;
    %pushi/vec4 360, 0, 16;
    %ix/load 3, 37, 0;
    %flag_set/imm 4, 0;
    %ix/load 4, 0, 0; Constant delay
    %assign/vec4/a/d v0000013df404aa40, 0, 4;
    %pushi/vec4 324, 0, 16;
    %ix/load 3, 38, 0;
    %flag_set/imm 4, 0;
    %ix/load 4, 0, 0; Constant delay
    %assign/vec4/a/d v0000013df404aa40, 0, 4;
    %pushi/vec4 139, 0, 16;
    %ix/load 3, 39, 0;
    %flag_set/imm 4, 0;
    %ix/load 4, 0, 0; Constant delay
    %assign/vec4/a/d v0000013df404aa40, 0, 4;
    %pushi/vec4 65380, 0, 16;
    %ix/load 3, 40, 0;
    %flag_set/imm 4, 0;
    %ix/load 4, 0, 0; Constant delay
    %assign/vec4/a/d v0000013df404aa40, 0, 4;
    %pushi/vec4 65071, 0, 16;
    %ix/load 3, 41, 0;
    %flag_set/imm 4, 0;
    %ix/load 4, 0, 0; Constant delay
    %assign/vec4/a/d v0000013df404aa40, 0, 4;
    %pushi/vec4 64875, 0, 16;
    %ix/load 3, 42, 0;
    %flag_set/imm 4, 0;
    %ix/load 4, 0, 0; Constant delay
    %assign/vec4/a/d v0000013df404aa40, 0, 4;
    %pushi/vec4 64911, 0, 16;
    %ix/load 3, 43, 0;
    %flag_set/imm 4, 0;
    %ix/load 4, 0, 0; Constant delay
    %assign/vec4/a/d v0000013df404aa40, 0, 4;
    %pushi/vec4 65251, 0, 16;
    %ix/load 3, 44, 0;
    %flag_set/imm 4, 0;
    %ix/load 4, 0, 0; Constant delay
    %assign/vec4/a/d v0000013df404aa40, 0, 4;
    %pushi/vec4 352, 0, 16;
    %ix/load 3, 45, 0;
    %flag_set/imm 4, 0;
    %ix/load 4, 0, 0; Constant delay
    %assign/vec4/a/d v0000013df404aa40, 0, 4;
    %pushi/vec4 1194, 0, 16;
    %ix/load 3, 46, 0;
    %flag_set/imm 4, 0;
    %ix/load 4, 0, 0; Constant delay
    %assign/vec4/a/d v0000013df404aa40, 0, 4;
    %pushi/vec4 2077, 0, 16;
    %ix/load 3, 47, 0;
    %flag_set/imm 4, 0;
    %ix/load 4, 0, 0; Constant delay
    %assign/vec4/a/d v0000013df404aa40, 0, 4;
    %pushi/vec4 2811, 0, 16;
    %ix/load 3, 48, 0;
    %flag_set/imm 4, 0;
    %ix/load 4, 0, 0; Constant delay
    %assign/vec4/a/d v0000013df404aa40, 0, 4;
    %pushi/vec4 3227, 0, 16;
    %ix/load 3, 49, 0;
    %flag_set/imm 4, 0;
    %ix/load 4, 0, 0; Constant delay
    %assign/vec4/a/d v0000013df404aa40, 0, 4;
T_0.0 ;
    %jmp T_0;
    .thread T_0;
    .scope S_0000013df4027760;
T_1 ;
    %wait E_0000013df4046d50;
    %load/vec4 v0000013df404b120_0;
    %flag_set/vec4 8;
    %jmp/0xz  T_1.0, 8;
    %pushi/vec4 0, 0, 32;
    %store/vec4 v0000013df404a360_0, 0, 32;
T_1.2 ;
    %load/vec4 v0000013df404a360_0;
    %cmpi/s 100, 0, 32;
    %jmp/0xz T_1.3, 5;
    %pushi/vec4 0, 0, 17;
    %ix/getv/s 3, v0000013df404a360_0;
    %ix/load 4, 0, 0; Constant delay
    %assign/vec4/a/d v0000013df404a5e0, 0, 4;
    %load/vec4 v0000013df404a360_0;
    %addi 1, 0, 32;
    %store/vec4 v0000013df404a360_0, 0, 32;
    %jmp T_1.2;
T_1.3 ;
    %jmp T_1.1;
T_1.0 ;
    %load/vec4 v0000013df404af40_0;
    %cmpi/e 0, 0, 32;
    %jmp/0xz  T_1.4, 4;
    %pushi/vec4 99, 0, 32;
    %store/vec4 v0000013df404a360_0, 0, 32;
T_1.6 ;
    %load/vec4 v0000013df404a360_0;
    %cmpi/s 0, 0, 32;
    %flag_or 5, 4; GT is !LE
    %flag_inv 5;
    %jmp/0xz T_1.7, 5;
    %load/vec4 v0000013df404a360_0;
    %subi 1, 0, 32;
    %ix/vec4/s 4;
    %load/vec4a v0000013df404a5e0, 4;
    %ix/getv/s 3, v0000013df404a360_0;
    %ix/load 4, 0, 0; Constant delay
    %assign/vec4/a/d v0000013df404a5e0, 0, 4;
    %load/vec4 v0000013df404a360_0;
    %subi 1, 0, 32;
    %store/vec4 v0000013df404a360_0, 0, 32;
    %jmp T_1.6;
T_1.7 ;
    %load/vec4 v0000013df404a2c0_0;
    %ix/load 3, 0, 0;
    %flag_set/imm 4, 0;
    %ix/load 4, 0, 0; Constant delay
    %assign/vec4/a/d v0000013df404a5e0, 0, 4;
T_1.4 ;
T_1.1 ;
    %jmp T_1;
    .thread T_1;
    .scope S_0000013df4027760;
T_2 ;
    %wait E_0000013df4046d50;
    %load/vec4 v0000013df404b120_0;
    %flag_set/vec4 8;
    %jmp/0xz  T_2.0, 8;
    %pushi/vec4 0, 0, 18;
    %assign/vec4 v0000013df404ad60_0, 0;
    %pushi/vec4 0, 0, 34;
    %assign/vec4 v0000013df404afe0_0, 0;
    %pushi/vec4 0, 0, 42;
    %assign/vec4 v0000013df404aae0_0, 0;
    %pushi/vec4 0, 0, 42;
    %assign/vec4 v0000013df404ac20_0, 0;
    %pushi/vec4 0, 0, 42;
    %assign/vec4 v0000013df404a900_0, 0;
    %pushi/vec4 0, 0, 17;
    %assign/vec4 v0000013df404a680_0, 0;
    %pushi/vec4 0, 0, 32;
    %assign/vec4 v0000013df404af40_0, 0;
    %jmp T_2.1;
T_2.0 ;
    %load/vec4 v0000013df404af40_0;
    %cmpi/e 0, 0, 32;
    %jmp/0xz  T_2.2, 4;
    %pushi/vec4 0, 0, 42;
    %assign/vec4 v0000013df404aae0_0, 0;
    %load/vec4 v0000013df404a2c0_0;
    %pad/s 18;
    %ix/load 4, 99, 0;
    %flag_set/imm 4, 0;
    %load/vec4a v0000013df404a5e0, 4;
    %pad/s 18;
    %add;
    %assign/vec4 v0000013df404ad60_0, 0;
    %pushi/vec4 0, 0, 34;
    %assign/vec4 v0000013df404afe0_0, 0;
    %pushi/vec4 1, 0, 32;
    %assign/vec4 v0000013df404af40_0, 0;
    %jmp T_2.3;
T_2.2 ;
    %load/vec4 v0000013df404af40_0;
    %cmpi/s 50, 0, 32;
    %flag_or 5, 4;
    %jmp/0xz  T_2.4, 5;
    %load/vec4 v0000013df404aae0_0;
    %load/vec4 v0000013df404afe0_0;
    %pad/s 42;
    %add;
    %assign/vec4 v0000013df404aae0_0, 0;
    %load/vec4 v0000013df404ad60_0;
    %pad/s 34;
    %load/vec4 v0000013df404af40_0;
    %subi 1, 0, 32;
    %ix/vec4/s 4;
    %load/vec4a v0000013df404aa40, 4;
    %pad/s 34;
    %mul;
    %assign/vec4 v0000013df404afe0_0, 0;
    %load/vec4 v0000013df404af40_0;
    %cmpi/s 50, 0, 32;
    %jmp/0xz  T_2.6, 5;
    %ix/getv/s 4, v0000013df404af40_0;
    %load/vec4a v0000013df404a5e0, 4;
    %pad/s 18;
    %pushi/vec4 100, 0, 32;
    %load/vec4 v0000013df404af40_0;
    %sub;
    %subi 1, 0, 32;
    %ix/vec4/s 4;
    %load/vec4a v0000013df404a5e0, 4;
    %pad/s 18;
    %add;
    %assign/vec4 v0000013df404ad60_0, 0;
    %jmp T_2.7;
T_2.6 ;
    %pushi/vec4 0, 0, 18;
    %assign/vec4 v0000013df404ad60_0, 0;
T_2.7 ;
    %load/vec4 v0000013df404af40_0;
    %addi 1, 0, 32;
    %assign/vec4 v0000013df404af40_0, 0;
    %jmp T_2.5;
T_2.4 ;
    %load/vec4 v0000013df404aae0_0;
    %load/vec4 v0000013df404afe0_0;
    %pad/s 42;
    %add;
    %assign/vec4 v0000013df404ac20_0, 0;
    %load/vec4 v0000013df404ac20_0;
    %ix/load 4, 14, 0;
    %flag_set/imm 4, 0;
    %shiftr/s 4;
    %assign/vec4 v0000013df404a900_0, 0;
    %pushi/vec4 65535, 0, 17;
    %store/vec4 v0000013df404a720_0, 0, 17;
    %pushi/vec4 65536, 0, 17;
    %store/vec4 v0000013df404b1c0_0, 0, 17;
    %load/vec4 v0000013df404a720_0;
    %pad/s 42;
    %load/vec4 v0000013df404a900_0;
    %cmp/s;
    %jmp/0xz  T_2.8, 5;
    %load/vec4 v0000013df404a720_0;
    %assign/vec4 v0000013df404a680_0, 0;
    %jmp T_2.9;
T_2.8 ;
    %load/vec4 v0000013df404a900_0;
    %load/vec4 v0000013df404b1c0_0;
    %pad/s 42;
    %cmp/s;
    %jmp/0xz  T_2.10, 5;
    %load/vec4 v0000013df404b1c0_0;
    %assign/vec4 v0000013df404a680_0, 0;
    %jmp T_2.11;
T_2.10 ;
    %load/vec4 v0000013df404a900_0;
    %pad/s 17;
    %assign/vec4 v0000013df404a680_0, 0;
T_2.11 ;
T_2.9 ;
    %pushi/vec4 0, 0, 32;
    %assign/vec4 v0000013df404af40_0, 0;
T_2.5 ;
T_2.3 ;
T_2.1 ;
    %jmp T_2;
    .thread T_2;
    .scope S_0000013df4049530;
T_3 ;
    %pushi/vec4 0, 0, 1;
    %store/vec4 v0000013df404ab80_0, 0, 1;
T_3.0 ;
    %delay 5000, 0;
    %load/vec4 v0000013df404ab80_0;
    %inv;
    %store/vec4 v0000013df404ab80_0, 0, 1;
    %jmp T_3.0;
    %end;
    .thread T_3;
    .scope S_0000013df4049530;
T_4 ;
    %pushi/vec4 0, 0, 17;
    %store/vec4 v0000013df40a2940_0, 0, 17;
    %pushi/vec4 1, 0, 1;
    %store/vec4 v0000013df404a4a0_0, 0, 1;
    %pushi/vec4 3, 0, 32;
T_4.0 %dup/vec4;
    %pushi/vec4 0, 0, 32;
    %cmp/s;
    %jmp/1xz T_4.1, 5;
    %jmp/1 T_4.1, 4;
    %pushi/vec4 1, 0, 32;
    %sub;
    %wait E_0000013df40463d0;
    %jmp T_4.0;
T_4.1 ;
    %pop/vec4 1;
    %pushi/vec4 0, 0, 1;
    %store/vec4 v0000013df404a4a0_0, 0, 1;
    %vpi_func 3 50 "$fopen" 32, "sig_950_q214.txt", "r" {0 0 0};
    %store/vec4 v0000013df404ae00_0, 0, 32;
    %load/vec4 v0000013df404ae00_0;
    %cmpi/e 0, 0, 32;
    %jmp/0xz  T_4.2, 4;
    %vpi_call/w 3 52 "$display", "ERROR: cannot open sig_950_q214.txt" {0 0 0};
    %vpi_call/w 3 53 "$finish" {0 0 0};
T_4.2 ;
    %pushi/vec4 0, 0, 32;
    %store/vec4 v0000013df404a400_0, 0, 32;
T_4.4 ;
    %vpi_func 3 57 "$feof" 32, v0000013df404ae00_0 {0 0 0};
    %nor/r;
    %flag_set/vec4 9;
    %flag_get/vec4 9;
    %jmp/0 T_4.6, 9;
    %load/vec4 v0000013df404a400_0;
    %cmpi/s 501, 0, 32;
    %flag_get/vec4 5;
    %and;
T_4.6;
    %flag_set/vec4 8;
    %jmp/0xz T_4.5, 8;
    %vpi_func 3 58 "$fscanf" 32, v0000013df404ae00_0, "%d\012", v0000013df40a2760_0 {0 0 0};
    %store/vec4 v0000013df404acc0_0, 0, 32;
    %load/vec4 v0000013df404acc0_0;
    %cmpi/e 1, 0, 32;
    %jmp/0xz  T_4.7, 4;
    %load/vec4 v0000013df40a2760_0;
    %pad/s 17;
    %ix/getv/s 4, v0000013df404a400_0;
    %store/vec4a v0000013df40a29e0, 4, 0;
    %load/vec4 v0000013df404a400_0;
    %addi 1, 0, 32;
    %store/vec4 v0000013df404a400_0, 0, 32;
T_4.7 ;
    %jmp T_4.4;
T_4.5 ;
    %vpi_call/w 3 64 "$fclose", v0000013df404ae00_0 {0 0 0};
    %load/vec4 v0000013df404a400_0;
    %cmpi/ne 501, 0, 32;
    %jmp/0xz  T_4.9, 4;
    %vpi_call/w 3 67 "$display", "ERROR: signal count mismatch, read = %0d expected = %0d", v0000013df404a400_0, P_0000013df4014810 {0 0 0};
    %vpi_call/w 3 68 "$finish" {0 0 0};
T_4.9 ;
    %vpi_func 3 71 "$fopen" 32, "out_optimized_pipeline_950_q214.txt", "w" {0 0 0};
    %store/vec4 v0000013df404aea0_0, 0, 32;
    %load/vec4 v0000013df404aea0_0;
    %cmpi/e 0, 0, 32;
    %jmp/0xz  T_4.11, 4;
    %vpi_call/w 3 73 "$display", "ERROR: cannot open output file" {0 0 0};
    %vpi_call/w 3 74 "$finish" {0 0 0};
T_4.11 ;
    %pushi/vec4 0, 0, 32;
    %store/vec4 v0000013df404b080_0, 0, 32;
T_4.13 ;
    %load/vec4 v0000013df404b080_0;
    %cmpi/s 501, 0, 32;
    %jmp/0xz T_4.14, 5;
    %wait E_0000013df4046610;
    %ix/getv/s 4, v0000013df404b080_0;
    %load/vec4a v0000013df40a29e0, 4;
    %store/vec4 v0000013df40a2940_0, 0, 17;
    %pushi/vec4 0, 0, 32;
    %store/vec4 v0000013df404a7c0_0, 0, 32;
T_4.15 ;
    %load/vec4 v0000013df404a7c0_0;
    %pad/s 33;
    %cmpi/s 52, 0, 33;
    %jmp/0xz T_4.16, 5;
    %wait E_0000013df40463d0;
    %load/vec4 v0000013df404a7c0_0;
    %addi 1, 0, 32;
    %store/vec4 v0000013df404a7c0_0, 0, 32;
    %jmp T_4.15;
T_4.16 ;
    %delay 1000, 0;
    %vpi_call/w 3 85 "$fdisplay", v0000013df404aea0_0, "%0d", v0000013df40a2a80_0 {0 0 0};
    %load/vec4 v0000013df404b080_0;
    %addi 1, 0, 32;
    %store/vec4 v0000013df404b080_0, 0, 32;
    %jmp T_4.13;
T_4.14 ;
    %vpi_call/w 3 88 "$fclose", v0000013df404aea0_0 {0 0 0};
    %pushi/vec4 1, 0, 1;
    %store/vec4 v0000013df404a4a0_0, 0, 1;
    %pushi/vec4 0, 0, 17;
    %store/vec4 v0000013df40a2940_0, 0, 17;
    %pushi/vec4 3, 0, 32;
T_4.17 %dup/vec4;
    %pushi/vec4 0, 0, 32;
    %cmp/s;
    %jmp/1xz T_4.18, 5;
    %jmp/1 T_4.18, 4;
    %pushi/vec4 1, 0, 32;
    %sub;
    %wait E_0000013df40463d0;
    %jmp T_4.17;
T_4.18 ;
    %pop/vec4 1;
    %pushi/vec4 0, 0, 1;
    %store/vec4 v0000013df404a4a0_0, 0, 1;
    %vpi_func 3 99 "$fopen" 32, "sig_1100_q214.txt", "r" {0 0 0};
    %store/vec4 v0000013df404ae00_0, 0, 32;
    %load/vec4 v0000013df404ae00_0;
    %cmpi/e 0, 0, 32;
    %jmp/0xz  T_4.19, 4;
    %vpi_call/w 3 101 "$display", "ERROR: cannot open sig_1100_q214.txt" {0 0 0};
    %vpi_call/w 3 102 "$finish" {0 0 0};
T_4.19 ;
    %pushi/vec4 0, 0, 32;
    %store/vec4 v0000013df404a400_0, 0, 32;
T_4.21 ;
    %vpi_func 3 106 "$feof" 32, v0000013df404ae00_0 {0 0 0};
    %nor/r;
    %flag_set/vec4 9;
    %flag_get/vec4 9;
    %jmp/0 T_4.23, 9;
    %load/vec4 v0000013df404a400_0;
    %cmpi/s 501, 0, 32;
    %flag_get/vec4 5;
    %and;
T_4.23;
    %flag_set/vec4 8;
    %jmp/0xz T_4.22, 8;
    %vpi_func 3 107 "$fscanf" 32, v0000013df404ae00_0, "%d\012", v0000013df40a2760_0 {0 0 0};
    %store/vec4 v0000013df404acc0_0, 0, 32;
    %load/vec4 v0000013df404acc0_0;
    %cmpi/e 1, 0, 32;
    %jmp/0xz  T_4.24, 4;
    %load/vec4 v0000013df40a2760_0;
    %pad/s 17;
    %ix/getv/s 4, v0000013df404a400_0;
    %store/vec4a v0000013df40a29e0, 4, 0;
    %load/vec4 v0000013df404a400_0;
    %addi 1, 0, 32;
    %store/vec4 v0000013df404a400_0, 0, 32;
T_4.24 ;
    %jmp T_4.21;
T_4.22 ;
    %vpi_call/w 3 113 "$fclose", v0000013df404ae00_0 {0 0 0};
    %vpi_func 3 115 "$fopen" 32, "out_optimized_pipeline_1100_q214.txt", "w" {0 0 0};
    %store/vec4 v0000013df404aea0_0, 0, 32;
    %pushi/vec4 0, 0, 32;
    %store/vec4 v0000013df404b080_0, 0, 32;
T_4.26 ;
    %load/vec4 v0000013df404b080_0;
    %cmpi/s 501, 0, 32;
    %jmp/0xz T_4.27, 5;
    %wait E_0000013df4046610;
    %ix/getv/s 4, v0000013df404b080_0;
    %load/vec4a v0000013df40a29e0, 4;
    %store/vec4 v0000013df40a2940_0, 0, 17;
    %pushi/vec4 0, 0, 32;
    %store/vec4 v0000013df404a7c0_0, 0, 32;
T_4.28 ;
    %load/vec4 v0000013df404a7c0_0;
    %pad/s 33;
    %cmpi/s 52, 0, 33;
    %jmp/0xz T_4.29, 5;
    %wait E_0000013df40463d0;
    %load/vec4 v0000013df404a7c0_0;
    %addi 1, 0, 32;
    %store/vec4 v0000013df404a7c0_0, 0, 32;
    %jmp T_4.28;
T_4.29 ;
    %delay 1000, 0;
    %vpi_call/w 3 125 "$fdisplay", v0000013df404aea0_0, "%0d", v0000013df40a2a80_0 {0 0 0};
    %load/vec4 v0000013df404b080_0;
    %addi 1, 0, 32;
    %store/vec4 v0000013df404b080_0, 0, 32;
    %jmp T_4.26;
T_4.27 ;
    %vpi_call/w 3 128 "$fclose", v0000013df404aea0_0 {0 0 0};
    %pushi/vec4 1, 0, 1;
    %store/vec4 v0000013df404a4a0_0, 0, 1;
    %pushi/vec4 0, 0, 17;
    %store/vec4 v0000013df40a2940_0, 0, 17;
    %pushi/vec4 3, 0, 32;
T_4.30 %dup/vec4;
    %pushi/vec4 0, 0, 32;
    %cmp/s;
    %jmp/1xz T_4.31, 5;
    %jmp/1 T_4.31, 4;
    %pushi/vec4 1, 0, 32;
    %sub;
    %wait E_0000013df40463d0;
    %jmp T_4.30;
T_4.31 ;
    %pop/vec4 1;
    %pushi/vec4 0, 0, 1;
    %store/vec4 v0000013df404a4a0_0, 0, 1;
    %vpi_func 3 139 "$fopen" 32, "sig_2000_q214.txt", "r" {0 0 0};
    %store/vec4 v0000013df404ae00_0, 0, 32;
    %load/vec4 v0000013df404ae00_0;
    %cmpi/e 0, 0, 32;
    %jmp/0xz  T_4.32, 4;
    %vpi_call/w 3 141 "$display", "ERROR: cannot open sig_2000_q214.txt" {0 0 0};
    %vpi_call/w 3 142 "$finish" {0 0 0};
T_4.32 ;
    %pushi/vec4 0, 0, 32;
    %store/vec4 v0000013df404a400_0, 0, 32;
T_4.34 ;
    %vpi_func 3 146 "$feof" 32, v0000013df404ae00_0 {0 0 0};
    %nor/r;
    %flag_set/vec4 9;
    %flag_get/vec4 9;
    %jmp/0 T_4.36, 9;
    %load/vec4 v0000013df404a400_0;
    %cmpi/s 501, 0, 32;
    %flag_get/vec4 5;
    %and;
T_4.36;
    %flag_set/vec4 8;
    %jmp/0xz T_4.35, 8;
    %vpi_func 3 147 "$fscanf" 32, v0000013df404ae00_0, "%d\012", v0000013df40a2760_0 {0 0 0};
    %store/vec4 v0000013df404acc0_0, 0, 32;
    %load/vec4 v0000013df404acc0_0;
    %cmpi/e 1, 0, 32;
    %jmp/0xz  T_4.37, 4;
    %load/vec4 v0000013df40a2760_0;
    %pad/s 17;
    %ix/getv/s 4, v0000013df404a400_0;
    %store/vec4a v0000013df40a29e0, 4, 0;
    %load/vec4 v0000013df404a400_0;
    %addi 1, 0, 32;
    %store/vec4 v0000013df404a400_0, 0, 32;
T_4.37 ;
    %jmp T_4.34;
T_4.35 ;
    %vpi_call/w 3 153 "$fclose", v0000013df404ae00_0 {0 0 0};
    %vpi_func 3 155 "$fopen" 32, "out_optimized_pipeline_2000_q214.txt", "w" {0 0 0};
    %store/vec4 v0000013df404aea0_0, 0, 32;
    %pushi/vec4 0, 0, 32;
    %store/vec4 v0000013df404b080_0, 0, 32;
T_4.39 ;
    %load/vec4 v0000013df404b080_0;
    %cmpi/s 501, 0, 32;
    %jmp/0xz T_4.40, 5;
    %wait E_0000013df4046610;
    %ix/getv/s 4, v0000013df404b080_0;
    %load/vec4a v0000013df40a29e0, 4;
    %store/vec4 v0000013df40a2940_0, 0, 17;
    %pushi/vec4 0, 0, 32;
    %store/vec4 v0000013df404a7c0_0, 0, 32;
T_4.41 ;
    %load/vec4 v0000013df404a7c0_0;
    %pad/s 33;
    %cmpi/s 52, 0, 33;
    %jmp/0xz T_4.42, 5;
    %wait E_0000013df40463d0;
    %load/vec4 v0000013df404a7c0_0;
    %addi 1, 0, 32;
    %store/vec4 v0000013df404a7c0_0, 0, 32;
    %jmp T_4.41;
T_4.42 ;
    %delay 1000, 0;
    %vpi_call/w 3 165 "$fdisplay", v0000013df404aea0_0, "%0d", v0000013df40a2a80_0 {0 0 0};
    %load/vec4 v0000013df404b080_0;
    %addi 1, 0, 32;
    %store/vec4 v0000013df404b080_0, 0, 32;
    %jmp T_4.39;
T_4.40 ;
    %vpi_call/w 3 168 "$fclose", v0000013df404aea0_0 {0 0 0};
    %vpi_call/w 3 170 "$display", "All optimized FIR simulations finished." {0 0 0};
    %vpi_call/w 3 171 "$finish" {0 0 0};
    %end;
    .thread T_4;
# The file index is used to find the file name in the following table.
:file_names 5;
    "N/A";
    "<interactive>";
    "-";
    "optimized_tb.v";
    "optimized.v";
