#! /c/Source/iverilog-install/bin/vvp
:ivl_version "12.0 (devel)" "(s20150603-1539-g2693dd32b)";
:ivl_delay_selection "TYPICAL";
:vpi_time_precision - 12;
:vpi_module "C:\iverilog\lib\ivl\system.vpi";
:vpi_module "C:\iverilog\lib\ivl\vhdl_sys.vpi";
:vpi_module "C:\iverilog\lib\ivl\vhdl_textio.vpi";
:vpi_module "C:\iverilog\lib\ivl\v2005_math.vpi";
:vpi_module "C:\iverilog\lib\ivl\va_math.vpi";
:vpi_module "C:\iverilog\lib\ivl\v2009.vpi";
S_000001e4c0988d10 .scope package, "$unit" "$unit" 2 1;
 .timescale 0 0;
S_000001e4c0989130 .scope module, "tb_direct" "tb_direct" 3 3;
 .timescale -9 -12;
P_000001e4c0929240 .param/l "NSAMP" 0 3 9, +C4<00000000000000000000000111110101>;
P_000001e4c0929278 .param/l "W" 0 3 8, +C4<0000000000000000000000000000010001>;
P_000001e4c09292b0 .param/l "a" 0 3 5, +C4<00000000000000000000000000000010>;
P_000001e4c09292e8 .param/l "b" 0 3 6, +C4<00000000000000000000000000001110>;
P_000001e4c0929320 .param/l "taps" 0 3 7, +C4<00000000000000000000000001100100>;
v000001e4c097d4d0_0 .var "clk", 0 0;
v000001e4c097cfd0_0 .var/i "code", 31 0;
v000001e4c097c0d0_0 .var/i "fout", 31 0;
v000001e4c097da70_0 .var/i "fsig", 31 0;
v000001e4c097d610_0 .var/i "i", 31 0;
v000001e4c097d250_0 .var/i "idx", 31 0;
v000001e4c097c7b0_0 .var "rst", 0 0;
v000001e4c097d7f0 .array/s "sig_mem", 500 0, 16 0;
v000001e4c097c490_0 .var/i "temp", 31 0;
v000001e4c097db10_0 .var/s "x", 16 0;
v000001e4c097dc50_0 .net/s "y", 16 0, v000001e4c097de30_0;  1 drivers
E_000001e4c098b600 .event posedge, v000001e4c097dcf0_0;
E_000001e4c098af80 .event negedge, v000001e4c097dcf0_0;
S_000001e4c0993280 .scope module, "DUT" "direct" 3 31, 4 1 0, S_000001e4c0989130;
 .timescale -9 -12;
    .port_info 0 /INPUT 1 "clk";
    .port_info 1 /INPUT 1 "rst";
    .port_info 2 /INPUT 17 "x";
    .port_info 3 /OUTPUT 17 "y";
P_000001e4c098ff50 .param/l "ACC_W" 1 4 15, +C4<00000000000000000000000000101010>;
P_000001e4c098ff88 .param/l "CW" 1 4 13, +C4<00000000000000000000000000010000>;
P_000001e4c098ffc0 .param/l "PROD_W" 1 4 14, +C4<00000000000000000000000000000100001>;
P_000001e4c098fff8 .param/l "W" 1 4 12, +C4<0000000000000000000000000000010001>;
P_000001e4c0990030 .param/l "a" 0 4 2, +C4<00000000000000000000000000000010>;
P_000001e4c0990068 .param/l "b" 0 4 3, +C4<00000000000000000000000000001110>;
P_000001e4c09900a0 .param/l "taps" 0 4 4, +C4<00000000000000000000000001100100>;
v000001e4c097d2f0_0 .var/s "acc", 41 0;
v000001e4c097dcf0_0 .net "clk", 0 0, v000001e4c097d4d0_0;  1 drivers
L_000001e4c09f0088 .functor BUFT 1, C4<1111111111111101>, C4<0>, C4<0>, C4<0>;
v000001e4c097cad0 .array "h", 99 0;
v000001e4c097cad0_0 .net/s v000001e4c097cad0 0, 15 0, L_000001e4c09f0088; 1 drivers
L_000001e4c09f00d0 .functor BUFT 1, C4<1111111111111001>, C4<0>, C4<0>, C4<0>;
v000001e4c097cad0_1 .net/s v000001e4c097cad0 1, 15 0, L_000001e4c09f00d0; 1 drivers
L_000001e4c09f0118 .functor BUFT 1, C4<1111111111110111>, C4<0>, C4<0>, C4<0>;
v000001e4c097cad0_2 .net/s v000001e4c097cad0 2, 15 0, L_000001e4c09f0118; 1 drivers
L_000001e4c09f0160 .functor BUFT 1, C4<1111111111111000>, C4<0>, C4<0>, C4<0>;
v000001e4c097cad0_3 .net/s v000001e4c097cad0 3, 15 0, L_000001e4c09f0160; 1 drivers
L_000001e4c09f01a8 .functor BUFT 1, C4<1111111111111101>, C4<0>, C4<0>, C4<0>;
v000001e4c097cad0_4 .net/s v000001e4c097cad0 4, 15 0, L_000001e4c09f01a8; 1 drivers
L_000001e4c09f01f0 .functor BUFT 1, C4<0000000000000100>, C4<0>, C4<0>, C4<0>;
v000001e4c097cad0_5 .net/s v000001e4c097cad0 5, 15 0, L_000001e4c09f01f0; 1 drivers
L_000001e4c09f0238 .functor BUFT 1, C4<0000000000001011>, C4<0>, C4<0>, C4<0>;
v000001e4c097cad0_6 .net/s v000001e4c097cad0 6, 15 0, L_000001e4c09f0238; 1 drivers
L_000001e4c09f0280 .functor BUFT 1, C4<0000000000001111>, C4<0>, C4<0>, C4<0>;
v000001e4c097cad0_7 .net/s v000001e4c097cad0 7, 15 0, L_000001e4c09f0280; 1 drivers
L_000001e4c09f02c8 .functor BUFT 1, C4<0000000000001110>, C4<0>, C4<0>, C4<0>;
v000001e4c097cad0_8 .net/s v000001e4c097cad0 8, 15 0, L_000001e4c09f02c8; 1 drivers
L_000001e4c09f0310 .functor BUFT 1, C4<0000000000000110>, C4<0>, C4<0>, C4<0>;
v000001e4c097cad0_9 .net/s v000001e4c097cad0 9, 15 0, L_000001e4c09f0310; 1 drivers
L_000001e4c09f0358 .functor BUFT 1, C4<1111111111111001>, C4<0>, C4<0>, C4<0>;
v000001e4c097cad0_10 .net/s v000001e4c097cad0 10, 15 0, L_000001e4c09f0358; 1 drivers
L_000001e4c09f03a0 .functor BUFT 1, C4<1111111111101011>, C4<0>, C4<0>, C4<0>;
v000001e4c097cad0_11 .net/s v000001e4c097cad0 11, 15 0, L_000001e4c09f03a0; 1 drivers
L_000001e4c09f03e8 .functor BUFT 1, C4<1111111111100011>, C4<0>, C4<0>, C4<0>;
v000001e4c097cad0_12 .net/s v000001e4c097cad0 12, 15 0, L_000001e4c09f03e8; 1 drivers
L_000001e4c09f0430 .functor BUFT 1, C4<1111111111100110>, C4<0>, C4<0>, C4<0>;
v000001e4c097cad0_13 .net/s v000001e4c097cad0 13, 15 0, L_000001e4c09f0430; 1 drivers
L_000001e4c09f0478 .functor BUFT 1, C4<1111111111110101>, C4<0>, C4<0>, C4<0>;
v000001e4c097cad0_14 .net/s v000001e4c097cad0 14, 15 0, L_000001e4c09f0478; 1 drivers
L_000001e4c09f04c0 .functor BUFT 1, C4<0000000000001101>, C4<0>, C4<0>, C4<0>;
v000001e4c097cad0_15 .net/s v000001e4c097cad0 15, 15 0, L_000001e4c09f04c0; 1 drivers
L_000001e4c09f0508 .functor BUFT 1, C4<0000000000100110>, C4<0>, C4<0>, C4<0>;
v000001e4c097cad0_16 .net/s v000001e4c097cad0 16, 15 0, L_000001e4c09f0508; 1 drivers
L_000001e4c09f0550 .functor BUFT 1, C4<0000000000110100>, C4<0>, C4<0>, C4<0>;
v000001e4c097cad0_17 .net/s v000001e4c097cad0 17, 15 0, L_000001e4c09f0550; 1 drivers
L_000001e4c09f0598 .functor BUFT 1, C4<0000000000101111>, C4<0>, C4<0>, C4<0>;
v000001e4c097cad0_18 .net/s v000001e4c097cad0 18, 15 0, L_000001e4c09f0598; 1 drivers
L_000001e4c09f05e0 .functor BUFT 1, C4<0000000000010100>, C4<0>, C4<0>, C4<0>;
v000001e4c097cad0_19 .net/s v000001e4c097cad0 19, 15 0, L_000001e4c09f05e0; 1 drivers
L_000001e4c09f0628 .functor BUFT 1, C4<1111111111101010>, C4<0>, C4<0>, C4<0>;
v000001e4c097cad0_20 .net/s v000001e4c097cad0 20, 15 0, L_000001e4c09f0628; 1 drivers
L_000001e4c09f0670 .functor BUFT 1, C4<1111111111000000>, C4<0>, C4<0>, C4<0>;
v000001e4c097cad0_21 .net/s v000001e4c097cad0 21, 15 0, L_000001e4c09f0670; 1 drivers
L_000001e4c09f06b8 .functor BUFT 1, C4<1111111110101001>, C4<0>, C4<0>, C4<0>;
v000001e4c097cad0_22 .net/s v000001e4c097cad0 22, 15 0, L_000001e4c09f06b8; 1 drivers
L_000001e4c09f0700 .functor BUFT 1, C4<1111111110110010>, C4<0>, C4<0>, C4<0>;
v000001e4c097cad0_23 .net/s v000001e4c097cad0 23, 15 0, L_000001e4c09f0700; 1 drivers
L_000001e4c09f0748 .functor BUFT 1, C4<1111111111011111>, C4<0>, C4<0>, C4<0>;
v000001e4c097cad0_24 .net/s v000001e4c097cad0 24, 15 0, L_000001e4c09f0748; 1 drivers
L_000001e4c09f0790 .functor BUFT 1, C4<0000000000100100>, C4<0>, C4<0>, C4<0>;
v000001e4c097cad0_25 .net/s v000001e4c097cad0 25, 15 0, L_000001e4c09f0790; 1 drivers
L_000001e4c09f07d8 .functor BUFT 1, C4<0000000001101000>, C4<0>, C4<0>, C4<0>;
v000001e4c097cad0_26 .net/s v000001e4c097cad0 26, 15 0, L_000001e4c09f07d8; 1 drivers
L_000001e4c09f0820 .functor BUFT 1, C4<0000000010001101>, C4<0>, C4<0>, C4<0>;
v000001e4c097cad0_27 .net/s v000001e4c097cad0 27, 15 0, L_000001e4c09f0820; 1 drivers
L_000001e4c09f0868 .functor BUFT 1, C4<0000000001111101>, C4<0>, C4<0>, C4<0>;
v000001e4c097cad0_28 .net/s v000001e4c097cad0 28, 15 0, L_000001e4c09f0868; 1 drivers
L_000001e4c09f08b0 .functor BUFT 1, C4<0000000000110100>, C4<0>, C4<0>, C4<0>;
v000001e4c097cad0_29 .net/s v000001e4c097cad0 29, 15 0, L_000001e4c09f08b0; 1 drivers
L_000001e4c09f08f8 .functor BUFT 1, C4<1111111111000111>, C4<0>, C4<0>, C4<0>;
v000001e4c097cad0_30 .net/s v000001e4c097cad0 30, 15 0, L_000001e4c09f08f8; 1 drivers
L_000001e4c09f0940 .functor BUFT 1, C4<1111111101011100>, C4<0>, C4<0>, C4<0>;
v000001e4c097cad0_31 .net/s v000001e4c097cad0 31, 15 0, L_000001e4c09f0940; 1 drivers
L_000001e4c09f0988 .functor BUFT 1, C4<1111111100100010>, C4<0>, C4<0>, C4<0>;
v000001e4c097cad0_32 .net/s v000001e4c097cad0 32, 15 0, L_000001e4c09f0988; 1 drivers
L_000001e4c09f09d0 .functor BUFT 1, C4<1111111100111011>, C4<0>, C4<0>, C4<0>;
v000001e4c097cad0_33 .net/s v000001e4c097cad0 33, 15 0, L_000001e4c09f09d0; 1 drivers
L_000001e4c09f0a18 .functor BUFT 1, C4<1111111110101101>, C4<0>, C4<0>, C4<0>;
v000001e4c097cad0_34 .net/s v000001e4c097cad0 34, 15 0, L_000001e4c09f0a18; 1 drivers
L_000001e4c09f0a60 .functor BUFT 1, C4<0000000001011011>, C4<0>, C4<0>, C4<0>;
v000001e4c097cad0_35 .net/s v000001e4c097cad0 35, 15 0, L_000001e4c09f0a60; 1 drivers
L_000001e4c09f0aa8 .functor BUFT 1, C4<0000000100000111>, C4<0>, C4<0>, C4<0>;
v000001e4c097cad0_36 .net/s v000001e4c097cad0 36, 15 0, L_000001e4c09f0aa8; 1 drivers
L_000001e4c09f0af0 .functor BUFT 1, C4<0000000101101000>, C4<0>, C4<0>, C4<0>;
v000001e4c097cad0_37 .net/s v000001e4c097cad0 37, 15 0, L_000001e4c09f0af0; 1 drivers
L_000001e4c09f0b38 .functor BUFT 1, C4<0000000101000100>, C4<0>, C4<0>, C4<0>;
v000001e4c097cad0_38 .net/s v000001e4c097cad0 38, 15 0, L_000001e4c09f0b38; 1 drivers
L_000001e4c09f0b80 .functor BUFT 1, C4<0000000010001011>, C4<0>, C4<0>, C4<0>;
v000001e4c097cad0_39 .net/s v000001e4c097cad0 39, 15 0, L_000001e4c09f0b80; 1 drivers
L_000001e4c09f0bc8 .functor BUFT 1, C4<1111111101100100>, C4<0>, C4<0>, C4<0>;
v000001e4c097cad0_40 .net/s v000001e4c097cad0 40, 15 0, L_000001e4c09f0bc8; 1 drivers
L_000001e4c09f0c10 .functor BUFT 1, C4<1111111000101111>, C4<0>, C4<0>, C4<0>;
v000001e4c097cad0_41 .net/s v000001e4c097cad0 41, 15 0, L_000001e4c09f0c10; 1 drivers
L_000001e4c09f0c58 .functor BUFT 1, C4<1111110101101011>, C4<0>, C4<0>, C4<0>;
v000001e4c097cad0_42 .net/s v000001e4c097cad0 42, 15 0, L_000001e4c09f0c58; 1 drivers
L_000001e4c09f0ca0 .functor BUFT 1, C4<1111110110001111>, C4<0>, C4<0>, C4<0>;
v000001e4c097cad0_43 .net/s v000001e4c097cad0 43, 15 0, L_000001e4c09f0ca0; 1 drivers
L_000001e4c09f0ce8 .functor BUFT 1, C4<1111111011100011>, C4<0>, C4<0>, C4<0>;
v000001e4c097cad0_44 .net/s v000001e4c097cad0 44, 15 0, L_000001e4c09f0ce8; 1 drivers
L_000001e4c09f0d30 .functor BUFT 1, C4<0000000101100000>, C4<0>, C4<0>, C4<0>;
v000001e4c097cad0_45 .net/s v000001e4c097cad0 45, 15 0, L_000001e4c09f0d30; 1 drivers
L_000001e4c09f0d78 .functor BUFT 1, C4<0000010010101010>, C4<0>, C4<0>, C4<0>;
v000001e4c097cad0_46 .net/s v000001e4c097cad0 46, 15 0, L_000001e4c09f0d78; 1 drivers
L_000001e4c09f0dc0 .functor BUFT 1, C4<0000100000011101>, C4<0>, C4<0>, C4<0>;
v000001e4c097cad0_47 .net/s v000001e4c097cad0 47, 15 0, L_000001e4c09f0dc0; 1 drivers
L_000001e4c09f0e08 .functor BUFT 1, C4<0000101011111011>, C4<0>, C4<0>, C4<0>;
v000001e4c097cad0_48 .net/s v000001e4c097cad0 48, 15 0, L_000001e4c09f0e08; 1 drivers
L_000001e4c09f0e50 .functor BUFT 1, C4<0000110010011011>, C4<0>, C4<0>, C4<0>;
v000001e4c097cad0_49 .net/s v000001e4c097cad0 49, 15 0, L_000001e4c09f0e50; 1 drivers
L_000001e4c09f0e98 .functor BUFT 1, C4<0000110010011011>, C4<0>, C4<0>, C4<0>;
v000001e4c097cad0_50 .net/s v000001e4c097cad0 50, 15 0, L_000001e4c09f0e98; 1 drivers
L_000001e4c09f0ee0 .functor BUFT 1, C4<0000101011111011>, C4<0>, C4<0>, C4<0>;
v000001e4c097cad0_51 .net/s v000001e4c097cad0 51, 15 0, L_000001e4c09f0ee0; 1 drivers
L_000001e4c09f0f28 .functor BUFT 1, C4<0000100000011101>, C4<0>, C4<0>, C4<0>;
v000001e4c097cad0_52 .net/s v000001e4c097cad0 52, 15 0, L_000001e4c09f0f28; 1 drivers
L_000001e4c09f0f70 .functor BUFT 1, C4<0000010010101010>, C4<0>, C4<0>, C4<0>;
v000001e4c097cad0_53 .net/s v000001e4c097cad0 53, 15 0, L_000001e4c09f0f70; 1 drivers
L_000001e4c09f0fb8 .functor BUFT 1, C4<0000000101100000>, C4<0>, C4<0>, C4<0>;
v000001e4c097cad0_54 .net/s v000001e4c097cad0 54, 15 0, L_000001e4c09f0fb8; 1 drivers
L_000001e4c09f1000 .functor BUFT 1, C4<1111111011100011>, C4<0>, C4<0>, C4<0>;
v000001e4c097cad0_55 .net/s v000001e4c097cad0 55, 15 0, L_000001e4c09f1000; 1 drivers
L_000001e4c09f1048 .functor BUFT 1, C4<1111110110001111>, C4<0>, C4<0>, C4<0>;
v000001e4c097cad0_56 .net/s v000001e4c097cad0 56, 15 0, L_000001e4c09f1048; 1 drivers
L_000001e4c09f1090 .functor BUFT 1, C4<1111110101101011>, C4<0>, C4<0>, C4<0>;
v000001e4c097cad0_57 .net/s v000001e4c097cad0 57, 15 0, L_000001e4c09f1090; 1 drivers
L_000001e4c09f10d8 .functor BUFT 1, C4<1111111000101111>, C4<0>, C4<0>, C4<0>;
v000001e4c097cad0_58 .net/s v000001e4c097cad0 58, 15 0, L_000001e4c09f10d8; 1 drivers
L_000001e4c09f1120 .functor BUFT 1, C4<1111111101100100>, C4<0>, C4<0>, C4<0>;
v000001e4c097cad0_59 .net/s v000001e4c097cad0 59, 15 0, L_000001e4c09f1120; 1 drivers
L_000001e4c09f1168 .functor BUFT 1, C4<0000000010001011>, C4<0>, C4<0>, C4<0>;
v000001e4c097cad0_60 .net/s v000001e4c097cad0 60, 15 0, L_000001e4c09f1168; 1 drivers
L_000001e4c09f11b0 .functor BUFT 1, C4<0000000101000100>, C4<0>, C4<0>, C4<0>;
v000001e4c097cad0_61 .net/s v000001e4c097cad0 61, 15 0, L_000001e4c09f11b0; 1 drivers
L_000001e4c09f11f8 .functor BUFT 1, C4<0000000101101000>, C4<0>, C4<0>, C4<0>;
v000001e4c097cad0_62 .net/s v000001e4c097cad0 62, 15 0, L_000001e4c09f11f8; 1 drivers
L_000001e4c09f1240 .functor BUFT 1, C4<0000000100000111>, C4<0>, C4<0>, C4<0>;
v000001e4c097cad0_63 .net/s v000001e4c097cad0 63, 15 0, L_000001e4c09f1240; 1 drivers
L_000001e4c09f1288 .functor BUFT 1, C4<0000000001011011>, C4<0>, C4<0>, C4<0>;
v000001e4c097cad0_64 .net/s v000001e4c097cad0 64, 15 0, L_000001e4c09f1288; 1 drivers
L_000001e4c09f12d0 .functor BUFT 1, C4<1111111110101101>, C4<0>, C4<0>, C4<0>;
v000001e4c097cad0_65 .net/s v000001e4c097cad0 65, 15 0, L_000001e4c09f12d0; 1 drivers
L_000001e4c09f1318 .functor BUFT 1, C4<1111111100111011>, C4<0>, C4<0>, C4<0>;
v000001e4c097cad0_66 .net/s v000001e4c097cad0 66, 15 0, L_000001e4c09f1318; 1 drivers
L_000001e4c09f1360 .functor BUFT 1, C4<1111111100100010>, C4<0>, C4<0>, C4<0>;
v000001e4c097cad0_67 .net/s v000001e4c097cad0 67, 15 0, L_000001e4c09f1360; 1 drivers
L_000001e4c09f13a8 .functor BUFT 1, C4<1111111101011100>, C4<0>, C4<0>, C4<0>;
v000001e4c097cad0_68 .net/s v000001e4c097cad0 68, 15 0, L_000001e4c09f13a8; 1 drivers
L_000001e4c09f13f0 .functor BUFT 1, C4<1111111111000111>, C4<0>, C4<0>, C4<0>;
v000001e4c097cad0_69 .net/s v000001e4c097cad0 69, 15 0, L_000001e4c09f13f0; 1 drivers
L_000001e4c09f1438 .functor BUFT 1, C4<0000000000110100>, C4<0>, C4<0>, C4<0>;
v000001e4c097cad0_70 .net/s v000001e4c097cad0 70, 15 0, L_000001e4c09f1438; 1 drivers
L_000001e4c09f1480 .functor BUFT 1, C4<0000000001111101>, C4<0>, C4<0>, C4<0>;
v000001e4c097cad0_71 .net/s v000001e4c097cad0 71, 15 0, L_000001e4c09f1480; 1 drivers
L_000001e4c09f14c8 .functor BUFT 1, C4<0000000010001101>, C4<0>, C4<0>, C4<0>;
v000001e4c097cad0_72 .net/s v000001e4c097cad0 72, 15 0, L_000001e4c09f14c8; 1 drivers
L_000001e4c09f1510 .functor BUFT 1, C4<0000000001101000>, C4<0>, C4<0>, C4<0>;
v000001e4c097cad0_73 .net/s v000001e4c097cad0 73, 15 0, L_000001e4c09f1510; 1 drivers
L_000001e4c09f1558 .functor BUFT 1, C4<0000000000100100>, C4<0>, C4<0>, C4<0>;
v000001e4c097cad0_74 .net/s v000001e4c097cad0 74, 15 0, L_000001e4c09f1558; 1 drivers
L_000001e4c09f15a0 .functor BUFT 1, C4<1111111111011111>, C4<0>, C4<0>, C4<0>;
v000001e4c097cad0_75 .net/s v000001e4c097cad0 75, 15 0, L_000001e4c09f15a0; 1 drivers
L_000001e4c09f15e8 .functor BUFT 1, C4<1111111110110010>, C4<0>, C4<0>, C4<0>;
v000001e4c097cad0_76 .net/s v000001e4c097cad0 76, 15 0, L_000001e4c09f15e8; 1 drivers
L_000001e4c09f1630 .functor BUFT 1, C4<1111111110101001>, C4<0>, C4<0>, C4<0>;
v000001e4c097cad0_77 .net/s v000001e4c097cad0 77, 15 0, L_000001e4c09f1630; 1 drivers
L_000001e4c09f1678 .functor BUFT 1, C4<1111111111000000>, C4<0>, C4<0>, C4<0>;
v000001e4c097cad0_78 .net/s v000001e4c097cad0 78, 15 0, L_000001e4c09f1678; 1 drivers
L_000001e4c09f16c0 .functor BUFT 1, C4<1111111111101010>, C4<0>, C4<0>, C4<0>;
v000001e4c097cad0_79 .net/s v000001e4c097cad0 79, 15 0, L_000001e4c09f16c0; 1 drivers
L_000001e4c09f1708 .functor BUFT 1, C4<0000000000010100>, C4<0>, C4<0>, C4<0>;
v000001e4c097cad0_80 .net/s v000001e4c097cad0 80, 15 0, L_000001e4c09f1708; 1 drivers
L_000001e4c09f1750 .functor BUFT 1, C4<0000000000101111>, C4<0>, C4<0>, C4<0>;
v000001e4c097cad0_81 .net/s v000001e4c097cad0 81, 15 0, L_000001e4c09f1750; 1 drivers
L_000001e4c09f1798 .functor BUFT 1, C4<0000000000110100>, C4<0>, C4<0>, C4<0>;
v000001e4c097cad0_82 .net/s v000001e4c097cad0 82, 15 0, L_000001e4c09f1798; 1 drivers
L_000001e4c09f17e0 .functor BUFT 1, C4<0000000000100110>, C4<0>, C4<0>, C4<0>;
v000001e4c097cad0_83 .net/s v000001e4c097cad0 83, 15 0, L_000001e4c09f17e0; 1 drivers
L_000001e4c09f1828 .functor BUFT 1, C4<0000000000001101>, C4<0>, C4<0>, C4<0>;
v000001e4c097cad0_84 .net/s v000001e4c097cad0 84, 15 0, L_000001e4c09f1828; 1 drivers
L_000001e4c09f1870 .functor BUFT 1, C4<1111111111110101>, C4<0>, C4<0>, C4<0>;
v000001e4c097cad0_85 .net/s v000001e4c097cad0 85, 15 0, L_000001e4c09f1870; 1 drivers
L_000001e4c09f18b8 .functor BUFT 1, C4<1111111111100110>, C4<0>, C4<0>, C4<0>;
v000001e4c097cad0_86 .net/s v000001e4c097cad0 86, 15 0, L_000001e4c09f18b8; 1 drivers
L_000001e4c09f1900 .functor BUFT 1, C4<1111111111100011>, C4<0>, C4<0>, C4<0>;
v000001e4c097cad0_87 .net/s v000001e4c097cad0 87, 15 0, L_000001e4c09f1900; 1 drivers
L_000001e4c09f1948 .functor BUFT 1, C4<1111111111101011>, C4<0>, C4<0>, C4<0>;
v000001e4c097cad0_88 .net/s v000001e4c097cad0 88, 15 0, L_000001e4c09f1948; 1 drivers
L_000001e4c09f1990 .functor BUFT 1, C4<1111111111111001>, C4<0>, C4<0>, C4<0>;
v000001e4c097cad0_89 .net/s v000001e4c097cad0 89, 15 0, L_000001e4c09f1990; 1 drivers
L_000001e4c09f19d8 .functor BUFT 1, C4<0000000000000110>, C4<0>, C4<0>, C4<0>;
v000001e4c097cad0_90 .net/s v000001e4c097cad0 90, 15 0, L_000001e4c09f19d8; 1 drivers
L_000001e4c09f1a20 .functor BUFT 1, C4<0000000000001110>, C4<0>, C4<0>, C4<0>;
v000001e4c097cad0_91 .net/s v000001e4c097cad0 91, 15 0, L_000001e4c09f1a20; 1 drivers
L_000001e4c09f1a68 .functor BUFT 1, C4<0000000000001111>, C4<0>, C4<0>, C4<0>;
v000001e4c097cad0_92 .net/s v000001e4c097cad0 92, 15 0, L_000001e4c09f1a68; 1 drivers
L_000001e4c09f1ab0 .functor BUFT 1, C4<0000000000001011>, C4<0>, C4<0>, C4<0>;
v000001e4c097cad0_93 .net/s v000001e4c097cad0 93, 15 0, L_000001e4c09f1ab0; 1 drivers
L_000001e4c09f1af8 .functor BUFT 1, C4<0000000000000100>, C4<0>, C4<0>, C4<0>;
v000001e4c097cad0_94 .net/s v000001e4c097cad0 94, 15 0, L_000001e4c09f1af8; 1 drivers
L_000001e4c09f1b40 .functor BUFT 1, C4<1111111111111101>, C4<0>, C4<0>, C4<0>;
v000001e4c097cad0_95 .net/s v000001e4c097cad0 95, 15 0, L_000001e4c09f1b40; 1 drivers
L_000001e4c09f1b88 .functor BUFT 1, C4<1111111111111000>, C4<0>, C4<0>, C4<0>;
v000001e4c097cad0_96 .net/s v000001e4c097cad0 96, 15 0, L_000001e4c09f1b88; 1 drivers
L_000001e4c09f1bd0 .functor BUFT 1, C4<1111111111110111>, C4<0>, C4<0>, C4<0>;
v000001e4c097cad0_97 .net/s v000001e4c097cad0 97, 15 0, L_000001e4c09f1bd0; 1 drivers
L_000001e4c09f1c18 .functor BUFT 1, C4<1111111111111001>, C4<0>, C4<0>, C4<0>;
v000001e4c097cad0_98 .net/s v000001e4c097cad0 98, 15 0, L_000001e4c09f1c18; 1 drivers
L_000001e4c09f1c60 .functor BUFT 1, C4<1111111111111101>, C4<0>, C4<0>, C4<0>;
v000001e4c097cad0_99 .net/s v000001e4c097cad0 99, 15 0, L_000001e4c09f1c60; 1 drivers
v000001e4c097d390_0 .var/i "i", 31 0;
v000001e4c097d930_0 .var "k", 7 0;
v000001e4c097c210_0 .var/s "max_out", 16 0;
v000001e4c097c3f0_0 .var/s "min_out", 16 0;
v000001e4c097d890_0 .var/s "prod", 32 0;
v000001e4c097d110_0 .net "rst", 0 0, v000001e4c097c7b0_0;  1 drivers
v000001e4c097d750_0 .var/s "shifted", 41 0;
v000001e4c097d430_0 .var/s "sum_full", 41 0;
v000001e4c097dbb0_0 .net/s "x", 16 0, v000001e4c097db10_0;  1 drivers
v000001e4c097d9d0 .array/s "x_reg", 99 0, 16 0;
v000001e4c097de30_0 .var/s "y", 16 0;
E_000001e4c098b640 .event posedge, v000001e4c097d110_0, v000001e4c097dcf0_0;
    .scope S_000001e4c0993280;
T_0 ;
    %wait E_000001e4c098b640;
    %load/vec4 v000001e4c097d110_0;
    %flag_set/vec4 8;
    %jmp/0xz  T_0.0, 8;
    %pushi/vec4 0, 0, 32;
    %store/vec4 v000001e4c097d390_0, 0, 32;
T_0.2 ;
    %load/vec4 v000001e4c097d390_0;
    %cmpi/s 100, 0, 32;
    %jmp/0xz T_0.3, 5;
    %pushi/vec4 0, 0, 17;
    %ix/getv/s 3, v000001e4c097d390_0;
    %ix/load 4, 0, 0; Constant delay
    %assign/vec4/a/d v000001e4c097d9d0, 0, 4;
    %load/vec4 v000001e4c097d390_0;
    %addi 1, 0, 32;
    %store/vec4 v000001e4c097d390_0, 0, 32;
    %jmp T_0.2;
T_0.3 ;
    %jmp T_0.1;
T_0.0 ;
    %load/vec4 v000001e4c097d930_0;
    %pad/u 32;
    %cmpi/e 0, 0, 32;
    %jmp/0xz  T_0.4, 4;
    %pushi/vec4 99, 0, 32;
    %store/vec4 v000001e4c097d390_0, 0, 32;
T_0.6 ;
    %load/vec4 v000001e4c097d390_0;
    %cmpi/s 0, 0, 32;
    %flag_or 5, 4; GT is !LE
    %flag_inv 5;
    %jmp/0xz T_0.7, 5;
    %load/vec4 v000001e4c097d390_0;
    %subi 1, 0, 32;
    %ix/vec4/s 4;
    %load/vec4a v000001e4c097d9d0, 4;
    %ix/getv/s 3, v000001e4c097d390_0;
    %ix/load 4, 0, 0; Constant delay
    %assign/vec4/a/d v000001e4c097d9d0, 0, 4;
    %load/vec4 v000001e4c097d390_0;
    %subi 1, 0, 32;
    %store/vec4 v000001e4c097d390_0, 0, 32;
    %jmp T_0.6;
T_0.7 ;
    %load/vec4 v000001e4c097dbb0_0;
    %ix/load 3, 0, 0;
    %flag_set/imm 4, 0;
    %ix/load 4, 0, 0; Constant delay
    %assign/vec4/a/d v000001e4c097d9d0, 0, 4;
T_0.4 ;
T_0.1 ;
    %jmp T_0;
    .thread T_0;
    .scope S_000001e4c0993280;
T_1 ;
    %wait E_000001e4c098b640;
    %load/vec4 v000001e4c097d110_0;
    %flag_set/vec4 8;
    %jmp/0xz  T_1.0, 8;
    %pushi/vec4 0, 0, 42;
    %assign/vec4 v000001e4c097d2f0_0, 0;
    %pushi/vec4 0, 0, 33;
    %assign/vec4 v000001e4c097d890_0, 0;
    %pushi/vec4 0, 0, 42;
    %assign/vec4 v000001e4c097d430_0, 0;
    %pushi/vec4 0, 0, 42;
    %assign/vec4 v000001e4c097d750_0, 0;
    %pushi/vec4 0, 0, 17;
    %assign/vec4 v000001e4c097de30_0, 0;
    %pushi/vec4 0, 0, 8;
    %assign/vec4 v000001e4c097d930_0, 0;
    %jmp T_1.1;
T_1.0 ;
    %load/vec4 v000001e4c097d930_0;
    %pad/u 32;
    %cmpi/e 0, 0, 32;
    %jmp/0xz  T_1.2, 4;
    %pushi/vec4 0, 0, 42;
    %assign/vec4 v000001e4c097d2f0_0, 0;
    %load/vec4 v000001e4c097dbb0_0;
    %pad/s 33;
    %ix/load 4, 0, 0;
    %flag_set/imm 4, 0;
    %load/vec4a v000001e4c097cad0, 4;
    %pad/s 33;
    %mul;
    %assign/vec4 v000001e4c097d890_0, 0;
    %pushi/vec4 1, 0, 8;
    %assign/vec4 v000001e4c097d930_0, 0;
    %jmp T_1.3;
T_1.2 ;
    %load/vec4 v000001e4c097d930_0;
    %pad/u 32;
    %cmpi/u 100, 0, 32;
    %jmp/0xz  T_1.4, 5;
    %load/vec4 v000001e4c097d2f0_0;
    %load/vec4 v000001e4c097d890_0;
    %pad/s 42;
    %add;
    %assign/vec4 v000001e4c097d2f0_0, 0;
    %ix/getv 4, v000001e4c097d930_0;
    %load/vec4a v000001e4c097d9d0, 4;
    %pad/s 33;
    %ix/getv 4, v000001e4c097d930_0;
    %load/vec4a v000001e4c097cad0, 4;
    %pad/s 33;
    %mul;
    %assign/vec4 v000001e4c097d890_0, 0;
    %load/vec4 v000001e4c097d930_0;
    %addi 1, 0, 8;
    %assign/vec4 v000001e4c097d930_0, 0;
    %jmp T_1.5;
T_1.4 ;
    %load/vec4 v000001e4c097d2f0_0;
    %load/vec4 v000001e4c097d890_0;
    %pad/s 42;
    %add;
    %assign/vec4 v000001e4c097d430_0, 0;
    %load/vec4 v000001e4c097d430_0;
    %ix/load 4, 14, 0;
    %flag_set/imm 4, 0;
    %shiftr/s 4;
    %assign/vec4 v000001e4c097d750_0, 0;
    %pushi/vec4 65535, 0, 17;
    %store/vec4 v000001e4c097c210_0, 0, 17;
    %pushi/vec4 65536, 0, 17;
    %store/vec4 v000001e4c097c3f0_0, 0, 17;
    %load/vec4 v000001e4c097c210_0;
    %pad/s 42;
    %load/vec4 v000001e4c097d750_0;
    %cmp/s;
    %jmp/0xz  T_1.6, 5;
    %load/vec4 v000001e4c097c210_0;
    %assign/vec4 v000001e4c097de30_0, 0;
    %jmp T_1.7;
T_1.6 ;
    %load/vec4 v000001e4c097d750_0;
    %load/vec4 v000001e4c097c3f0_0;
    %pad/s 42;
    %cmp/s;
    %jmp/0xz  T_1.8, 5;
    %load/vec4 v000001e4c097c3f0_0;
    %assign/vec4 v000001e4c097de30_0, 0;
    %jmp T_1.9;
T_1.8 ;
    %load/vec4 v000001e4c097d750_0;
    %pad/s 17;
    %assign/vec4 v000001e4c097de30_0, 0;
T_1.9 ;
T_1.7 ;
    %pushi/vec4 0, 0, 8;
    %assign/vec4 v000001e4c097d930_0, 0;
T_1.5 ;
T_1.3 ;
T_1.1 ;
    %jmp T_1;
    .thread T_1;
    .scope S_000001e4c0989130;
T_2 ;
    %pushi/vec4 0, 0, 1;
    %store/vec4 v000001e4c097d4d0_0, 0, 1;
T_2.0 ;
    %delay 5000, 0;
    %load/vec4 v000001e4c097d4d0_0;
    %inv;
    %store/vec4 v000001e4c097d4d0_0, 0, 1;
    %jmp T_2.0;
    %end;
    .thread T_2;
    .scope S_000001e4c0989130;
T_3 ;
    %pushi/vec4 0, 0, 17;
    %store/vec4 v000001e4c097db10_0, 0, 17;
    %pushi/vec4 1, 0, 1;
    %store/vec4 v000001e4c097c7b0_0, 0, 1;
    %pushi/vec4 3, 0, 32;
T_3.0 %dup/vec4;
    %pushi/vec4 0, 0, 32;
    %cmp/s;
    %jmp/1xz T_3.1, 5;
    %jmp/1 T_3.1, 4;
    %pushi/vec4 1, 0, 32;
    %sub;
    %wait E_000001e4c098b600;
    %jmp T_3.0;
T_3.1 ;
    %pop/vec4 1;
    %pushi/vec4 0, 0, 1;
    %store/vec4 v000001e4c097c7b0_0, 0, 1;
    %vpi_func 3 56 "$fopen" 32, "sig_950_q214.txt", "r" {0 0 0};
    %store/vec4 v000001e4c097da70_0, 0, 32;
    %load/vec4 v000001e4c097da70_0;
    %cmpi/e 0, 0, 32;
    %jmp/0xz  T_3.2, 4;
    %vpi_call/w 3 58 "$display", "ERROR: cannot open sig_950_q214.txt" {0 0 0};
    %vpi_call/w 3 59 "$finish" {0 0 0};
T_3.2 ;
    %pushi/vec4 0, 0, 32;
    %store/vec4 v000001e4c097d250_0, 0, 32;
T_3.4 ;
    %vpi_func 3 63 "$feof" 32, v000001e4c097da70_0 {0 0 0};
    %nor/r;
    %flag_set/vec4 9;
    %flag_get/vec4 9;
    %jmp/0 T_3.6, 9;
    %load/vec4 v000001e4c097d250_0;
    %cmpi/s 501, 0, 32;
    %flag_get/vec4 5;
    %and;
T_3.6;
    %flag_set/vec4 8;
    %jmp/0xz T_3.5, 8;
    %vpi_func 3 64 "$fscanf" 32, v000001e4c097da70_0, "%d\012", v000001e4c097c490_0 {0 0 0};
    %store/vec4 v000001e4c097cfd0_0, 0, 32;
    %load/vec4 v000001e4c097cfd0_0;
    %cmpi/e 1, 0, 32;
    %jmp/0xz  T_3.7, 4;
    %load/vec4 v000001e4c097c490_0;
    %pad/s 17;
    %ix/getv/s 4, v000001e4c097d250_0;
    %store/vec4a v000001e4c097d7f0, 4, 0;
    %load/vec4 v000001e4c097d250_0;
    %addi 1, 0, 32;
    %store/vec4 v000001e4c097d250_0, 0, 32;
T_3.7 ;
    %jmp T_3.4;
T_3.5 ;
    %vpi_call/w 3 70 "$fclose", v000001e4c097da70_0 {0 0 0};
    %vpi_func 3 72 "$fopen" 32, "out_direct_950_q214.txt", "w" {0 0 0};
    %store/vec4 v000001e4c097c0d0_0, 0, 32;
    %load/vec4 v000001e4c097c0d0_0;
    %cmpi/e 0, 0, 32;
    %jmp/0xz  T_3.9, 4;
    %vpi_call/w 3 74 "$display", "ERROR: cannot open out_direct_950_q214.txt" {0 0 0};
    %vpi_call/w 3 75 "$finish" {0 0 0};
T_3.9 ;
    %pushi/vec4 0, 0, 32;
    %store/vec4 v000001e4c097d610_0, 0, 32;
T_3.11 ;
    %load/vec4 v000001e4c097d610_0;
    %cmpi/s 501, 0, 32;
    %jmp/0xz T_3.12, 5;
    %wait E_000001e4c098af80;
    %ix/getv/s 4, v000001e4c097d610_0;
    %load/vec4a v000001e4c097d7f0, 4;
    %store/vec4 v000001e4c097db10_0, 0, 17;
    %wait E_000001e4c098b600;
    %pushi/vec4 100, 0, 32;
T_3.13 %dup/vec4;
    %pushi/vec4 0, 0, 32;
    %cmp/s;
    %jmp/1xz T_3.14, 5;
    %jmp/1 T_3.14, 4;
    %pushi/vec4 1, 0, 32;
    %sub;
    %wait E_000001e4c098b600;
    %jmp T_3.13;
T_3.14 ;
    %pop/vec4 1;
    %delay 1000, 0;
    %vpi_call/w 3 85 "$fdisplay", v000001e4c097c0d0_0, "%0d", v000001e4c097dc50_0 {0 0 0};
    %load/vec4 v000001e4c097d610_0;
    %addi 1, 0, 32;
    %store/vec4 v000001e4c097d610_0, 0, 32;
    %jmp T_3.11;
T_3.12 ;
    %vpi_call/w 3 87 "$fclose", v000001e4c097c0d0_0 {0 0 0};
    %pushi/vec4 1, 0, 1;
    %store/vec4 v000001e4c097c7b0_0, 0, 1;
    %pushi/vec4 0, 0, 17;
    %store/vec4 v000001e4c097db10_0, 0, 17;
    %pushi/vec4 3, 0, 32;
T_3.15 %dup/vec4;
    %pushi/vec4 0, 0, 32;
    %cmp/s;
    %jmp/1xz T_3.16, 5;
    %jmp/1 T_3.16, 4;
    %pushi/vec4 1, 0, 32;
    %sub;
    %wait E_000001e4c098b600;
    %jmp T_3.15;
T_3.16 ;
    %pop/vec4 1;
    %pushi/vec4 0, 0, 1;
    %store/vec4 v000001e4c097c7b0_0, 0, 1;
    %vpi_func 3 98 "$fopen" 32, "sig_1100_q214.txt", "r" {0 0 0};
    %store/vec4 v000001e4c097da70_0, 0, 32;
    %load/vec4 v000001e4c097da70_0;
    %cmpi/e 0, 0, 32;
    %jmp/0xz  T_3.17, 4;
    %vpi_call/w 3 100 "$display", "ERROR: cannot open sig_1100_q214.txt" {0 0 0};
    %vpi_call/w 3 101 "$finish" {0 0 0};
T_3.17 ;
    %pushi/vec4 0, 0, 32;
    %store/vec4 v000001e4c097d250_0, 0, 32;
T_3.19 ;
    %vpi_func 3 105 "$feof" 32, v000001e4c097da70_0 {0 0 0};
    %nor/r;
    %flag_set/vec4 9;
    %flag_get/vec4 9;
    %jmp/0 T_3.21, 9;
    %load/vec4 v000001e4c097d250_0;
    %cmpi/s 501, 0, 32;
    %flag_get/vec4 5;
    %and;
T_3.21;
    %flag_set/vec4 8;
    %jmp/0xz T_3.20, 8;
    %vpi_func 3 106 "$fscanf" 32, v000001e4c097da70_0, "%d\012", v000001e4c097c490_0 {0 0 0};
    %store/vec4 v000001e4c097cfd0_0, 0, 32;
    %load/vec4 v000001e4c097cfd0_0;
    %cmpi/e 1, 0, 32;
    %jmp/0xz  T_3.22, 4;
    %load/vec4 v000001e4c097c490_0;
    %pad/s 17;
    %ix/getv/s 4, v000001e4c097d250_0;
    %store/vec4a v000001e4c097d7f0, 4, 0;
    %load/vec4 v000001e4c097d250_0;
    %addi 1, 0, 32;
    %store/vec4 v000001e4c097d250_0, 0, 32;
T_3.22 ;
    %jmp T_3.19;
T_3.20 ;
    %vpi_call/w 3 112 "$fclose", v000001e4c097da70_0 {0 0 0};
    %vpi_func 3 114 "$fopen" 32, "out_direct_1100_q214.txt", "w" {0 0 0};
    %store/vec4 v000001e4c097c0d0_0, 0, 32;
    %load/vec4 v000001e4c097c0d0_0;
    %cmpi/e 0, 0, 32;
    %jmp/0xz  T_3.24, 4;
    %vpi_call/w 3 116 "$display", "ERROR: cannot open out_direct_1100_q214.txt" {0 0 0};
    %vpi_call/w 3 117 "$finish" {0 0 0};
T_3.24 ;
    %pushi/vec4 0, 0, 32;
    %store/vec4 v000001e4c097d610_0, 0, 32;
T_3.26 ;
    %load/vec4 v000001e4c097d610_0;
    %cmpi/s 501, 0, 32;
    %jmp/0xz T_3.27, 5;
    %wait E_000001e4c098af80;
    %ix/getv/s 4, v000001e4c097d610_0;
    %load/vec4a v000001e4c097d7f0, 4;
    %store/vec4 v000001e4c097db10_0, 0, 17;
    %wait E_000001e4c098b600;
    %pushi/vec4 100, 0, 32;
T_3.28 %dup/vec4;
    %pushi/vec4 0, 0, 32;
    %cmp/s;
    %jmp/1xz T_3.29, 5;
    %jmp/1 T_3.29, 4;
    %pushi/vec4 1, 0, 32;
    %sub;
    %wait E_000001e4c098b600;
    %jmp T_3.28;
T_3.29 ;
    %pop/vec4 1;
    %delay 1000, 0;
    %vpi_call/w 3 127 "$fdisplay", v000001e4c097c0d0_0, "%0d", v000001e4c097dc50_0 {0 0 0};
    %load/vec4 v000001e4c097d610_0;
    %addi 1, 0, 32;
    %store/vec4 v000001e4c097d610_0, 0, 32;
    %jmp T_3.26;
T_3.27 ;
    %vpi_call/w 3 129 "$fclose", v000001e4c097c0d0_0 {0 0 0};
    %pushi/vec4 1, 0, 1;
    %store/vec4 v000001e4c097c7b0_0, 0, 1;
    %pushi/vec4 0, 0, 17;
    %store/vec4 v000001e4c097db10_0, 0, 17;
    %pushi/vec4 3, 0, 32;
T_3.30 %dup/vec4;
    %pushi/vec4 0, 0, 32;
    %cmp/s;
    %jmp/1xz T_3.31, 5;
    %jmp/1 T_3.31, 4;
    %pushi/vec4 1, 0, 32;
    %sub;
    %wait E_000001e4c098b600;
    %jmp T_3.30;
T_3.31 ;
    %pop/vec4 1;
    %pushi/vec4 0, 0, 1;
    %store/vec4 v000001e4c097c7b0_0, 0, 1;
    %vpi_func 3 140 "$fopen" 32, "sig_2000_q214.txt", "r" {0 0 0};
    %store/vec4 v000001e4c097da70_0, 0, 32;
    %load/vec4 v000001e4c097da70_0;
    %cmpi/e 0, 0, 32;
    %jmp/0xz  T_3.32, 4;
    %vpi_call/w 3 142 "$display", "ERROR: cannot open sig_2000_q214.txt" {0 0 0};
    %vpi_call/w 3 143 "$finish" {0 0 0};
T_3.32 ;
    %pushi/vec4 0, 0, 32;
    %store/vec4 v000001e4c097d250_0, 0, 32;
T_3.34 ;
    %vpi_func 3 147 "$feof" 32, v000001e4c097da70_0 {0 0 0};
    %nor/r;
    %flag_set/vec4 9;
    %flag_get/vec4 9;
    %jmp/0 T_3.36, 9;
    %load/vec4 v000001e4c097d250_0;
    %cmpi/s 501, 0, 32;
    %flag_get/vec4 5;
    %and;
T_3.36;
    %flag_set/vec4 8;
    %jmp/0xz T_3.35, 8;
    %vpi_func 3 148 "$fscanf" 32, v000001e4c097da70_0, "%d\012", v000001e4c097c490_0 {0 0 0};
    %store/vec4 v000001e4c097cfd0_0, 0, 32;
    %load/vec4 v000001e4c097cfd0_0;
    %cmpi/e 1, 0, 32;
    %jmp/0xz  T_3.37, 4;
    %load/vec4 v000001e4c097c490_0;
    %pad/s 17;
    %ix/getv/s 4, v000001e4c097d250_0;
    %store/vec4a v000001e4c097d7f0, 4, 0;
    %load/vec4 v000001e4c097d250_0;
    %addi 1, 0, 32;
    %store/vec4 v000001e4c097d250_0, 0, 32;
T_3.37 ;
    %jmp T_3.34;
T_3.35 ;
    %vpi_call/w 3 154 "$fclose", v000001e4c097da70_0 {0 0 0};
    %vpi_func 3 156 "$fopen" 32, "out_direct_2000_q214.txt", "w" {0 0 0};
    %store/vec4 v000001e4c097c0d0_0, 0, 32;
    %load/vec4 v000001e4c097c0d0_0;
    %cmpi/e 0, 0, 32;
    %jmp/0xz  T_3.39, 4;
    %vpi_call/w 3 158 "$display", "ERROR: cannot open out_direct_2000_q214.txt" {0 0 0};
    %vpi_call/w 3 159 "$finish" {0 0 0};
T_3.39 ;
    %pushi/vec4 0, 0, 32;
    %store/vec4 v000001e4c097d610_0, 0, 32;
T_3.41 ;
    %load/vec4 v000001e4c097d610_0;
    %cmpi/s 501, 0, 32;
    %jmp/0xz T_3.42, 5;
    %wait E_000001e4c098af80;
    %ix/getv/s 4, v000001e4c097d610_0;
    %load/vec4a v000001e4c097d7f0, 4;
    %store/vec4 v000001e4c097db10_0, 0, 17;
    %wait E_000001e4c098b600;
    %pushi/vec4 100, 0, 32;
T_3.43 %dup/vec4;
    %pushi/vec4 0, 0, 32;
    %cmp/s;
    %jmp/1xz T_3.44, 5;
    %jmp/1 T_3.44, 4;
    %pushi/vec4 1, 0, 32;
    %sub;
    %wait E_000001e4c098b600;
    %jmp T_3.43;
T_3.44 ;
    %pop/vec4 1;
    %delay 1000, 0;
    %vpi_call/w 3 169 "$fdisplay", v000001e4c097c0d0_0, "%0d", v000001e4c097dc50_0 {0 0 0};
    %load/vec4 v000001e4c097d610_0;
    %addi 1, 0, 32;
    %store/vec4 v000001e4c097d610_0, 0, 32;
    %jmp T_3.41;
T_3.42 ;
    %vpi_call/w 3 171 "$fclose", v000001e4c097c0d0_0 {0 0 0};
    %vpi_call/w 3 173 "$display", "All FIR simulations finished." {0 0 0};
    %vpi_call/w 3 174 "$finish" {0 0 0};
    %end;
    .thread T_3;
# The file index is used to find the file name in the following table.
:file_names 5;
    "N/A";
    "<interactive>";
    "-";
    "direct_tb.v";
    "direct.v";
